<?xml version="1.0" encoding="UTF-8"?>
<testsuite name="org.osi.server.history.HistoryApiCanonicalChannelTest" tests="2" skipped="0" failures="0" errors="0" timestamp="2026-08-13T09:26:27" hostname="osi-01" time="0.176">
  <properties/>
  <testcase name="historyCardDataUsesCanonicalSoilSeriesIdsInMvcJson()" classname="org.osi.server.history.HistoryApiCanonicalChannelTest" time="0.146"/>
  <testcase name="analysisCatalogAndSeriesUseCanonicalChannelKeysInMvcJson()" classname="org.osi.server.history.HistoryApiCanonicalChannelTest" time="0.03"/>
  <system-out><![CDATA[2026-08-13T11:26:27.782+02:00 DEBUG 2682197 --- [    Test worker] s.w.s.m.m.a.RequestMappingHandlerMapping : 16 mappings in org.springframework.web.servlet.mvc.method.annotation.RequestMappingHandlerMapping
2026-08-13T11:26:27.782+02:00 DEBUG 2682197 --- [    Test worker] s.w.s.m.m.a.RequestMappingHandlerAdapter : ControllerAdvice beans: 0 @ModelAttribute, 0 @InitBinder, 1 RequestBodyAdvice, 1 ResponseBodyAdvice
2026-08-13T11:26:27.783+02:00 DEBUG 2682197 --- [    Test worker] .m.m.a.ExceptionHandlerExceptionResolver : ControllerAdvice beans: 0 @ExceptionHandler, 1 ResponseBodyAdvice
2026-08-13T11:26:27.783+02:00  INFO 2682197 --- [    Test worker] o.s.mock.web.MockServletContext          : Initializing Spring TestDispatcherServlet ''
2026-08-13T11:26:27.783+02:00  INFO 2682197 --- [    Test worker] o.s.t.web.servlet.TestDispatcherServlet  : Initializing Servlet ''
2026-08-13T11:26:27.783+02:00  INFO 2682197 --- [    Test worker] o.s.t.web.servlet.TestDispatcherServlet  : Completed initialization in 0 ms
2026-08-13T11:26:27.786+02:00 DEBUG 2682197 --- [    Test worker] s.w.s.m.m.a.RequestMappingHandlerMapping : 5 mappings in org.springframework.web.servlet.mvc.method.annotation.RequestMappingHandlerMapping
2026-08-13T11:26:27.786+02:00 DEBUG 2682197 --- [    Test worker] s.w.s.m.m.a.RequestMappingHandlerAdapter : ControllerAdvice beans: 0 @ModelAttribute, 0 @InitBinder, 1 RequestBodyAdvice, 1 ResponseBodyAdvice
2026-08-13T11:26:27.787+02:00 DEBUG 2682197 --- [    Test worker] .m.m.a.ExceptionHandlerExceptionResolver : ControllerAdvice beans: 0 @ExceptionHandler, 1 ResponseBodyAdvice
2026-08-13T11:26:27.787+02:00  INFO 2682197 --- [    Test worker] o.s.mock.web.MockServletContext          : Initializing Spring TestDispatcherServlet ''
2026-08-13T11:26:27.787+02:00  INFO 2682197 --- [    Test worker] o.s.t.web.servlet.TestDispatcherServlet  : Initializing Servlet ''
2026-08-13T11:26:27.787+02:00  INFO 2682197 --- [    Test worker] o.s.t.web.servlet.TestDispatcherServlet  : Completed initialization in 0 ms
2026-08-13T11:26:27.790+02:00 DEBUG 2682197 --- [    Test worker] s.w.s.m.m.a.RequestMappingHandlerMapping : Mapped to org.osi.server.history.HistoryController#getZoneCardData(Long, String, String, String, Instant, Instant, String, UserDetails)
2026-08-13T11:26:27.796+02:00 DEBUG 2682197 --- [    Test worker] o.s.w.s.m.m.a.HttpEntityMethodProcessor  : Using 'application/json', given [*/*] and supported [application/json, application/*+json]
2026-08-13T11:26:27.800+02:00 DEBUG 2682197 --- [    Test worker] o.s.w.s.m.m.a.HttpEntityMethodProcessor  : Writing [HistoryCardDataResponse[cardId=zone-uuid:soil:root-zone, cardType=soil, view=soil-profile, range=His (truncated)...]
2026-08-13T11:26:27.812+02:00 DEBUG 2682197 --- [    Test worker] s.w.s.m.m.a.RequestMappingHandlerMapping : 16 mappings in org.springframework.web.servlet.mvc.method.annotation.RequestMappingHandlerMapping
2026-08-13T11:26:27.812+02:00 DEBUG 2682197 --- [    Test worker] s.w.s.m.m.a.RequestMappingHandlerAdapter : ControllerAdvice beans: 0 @ModelAttribute, 0 @InitBinder, 1 RequestBodyAdvice, 1 ResponseBodyAdvice
2026-08-13T11:26:27.812+02:00 DEBUG 2682197 --- [    Test worker] .m.m.a.ExceptionHandlerExceptionResolver : ControllerAdvice beans: 0 @ExceptionHandler, 1 ResponseBodyAdvice
2026-08-13T11:26:27.812+02:00  INFO 2682197 --- [    Test worker] o.s.mock.web.MockServletContext          : Initializing Spring TestDispatcherServlet ''
2026-08-13T11:26:27.812+02:00  INFO 2682197 --- [    Test worker] o.s.t.web.servlet.TestDispatcherServlet  : Initializing Servlet ''
2026-08-13T11:26:27.812+02:00  INFO 2682197 --- [    Test worker] o.s.t.web.servlet.TestDispatcherServlet  : Completed initialization in 0 ms
2026-08-13T11:26:27.815+02:00 DEBUG 2682197 --- [    Test worker] s.w.s.m.m.a.RequestMappingHandlerMapping : 5 mappings in org.springframework.web.servlet.mvc.method.annotation.RequestMappingHandlerMapping
2026-08-13T11:26:27.815+02:00 DEBUG 2682197 --- [    Test worker] s.w.s.m.m.a.RequestMappingHandlerAdapter : ControllerAdvice beans: 0 @ModelAttribute, 0 @InitBinder, 1 RequestBodyAdvice, 1 ResponseBodyAdvice
2026-08-13T11:26:27.815+02:00 DEBUG 2682197 --- [    Test worker] .m.m.a.ExceptionHandlerExceptionResolver : ControllerAdvice beans: 0 @ExceptionHandler, 1 ResponseBodyAdvice
2026-08-13T11:26:27.815+02:00  INFO 2682197 --- [    Test worker] o.s.mock.web.MockServletContext          : Initializing Spring TestDispatcherServlet ''
2026-08-13T11:26:27.815+02:00  INFO 2682197 --- [    Test worker] o.s.t.web.servlet.TestDispatcherServlet  : Initializing Servlet ''
2026-08-13T11:26:27.815+02:00  INFO 2682197 --- [    Test worker] o.s.t.web.servlet.TestDispatcherServlet  : Completed initialization in 0 ms
2026-08-13T11:26:27.816+02:00 DEBUG 2682197 --- [    Test worker] s.w.s.m.m.a.RequestMappingHandlerMapping : Mapped to org.osi.server.analysis.AnalysisController#channels(UserDetails)
2026-08-13T11:26:27.817+02:00 DEBUG 2682197 --- [    Test worker] o.s.w.s.m.m.a.HttpEntityMethodProcessor  : Using 'application/json', given [*/*] and supported [application/json, application/*+json]
2026-08-13T11:26:27.820+02:00 DEBUG 2682197 --- [    Test worker] o.s.w.s.m.m.a.HttpEntityMethodProcessor  : Writing [AnalysisCatalogResponse[generatedAt=2026-06-18T12:10:00Z, channels=[AnalysisCatalogEntry[seriesId=se (truncated)...]
2026-08-13T11:26:27.824+02:00 DEBUG 2682197 --- [    Test worker] s.w.s.m.m.a.RequestMappingHandlerMapping : Mapped to org.osi.server.analysis.AnalysisController#series(AnalysisSeriesRequest, UserDetails)
2026-08-13T11:26:27.829+02:00 DEBUG 2682197 --- [    Test worker] m.m.a.RequestResponseBodyMethodProcessor : Read "application/json" to [AnalysisSeriesRequest[selectors=[AnalysisSelector[seriesId=series-ambient-temp], AnalysisSelector[se (truncated)...]
2026-08-13T11:26:27.831+02:00 DEBUG 2682197 --- [    Test worker] o.s.w.s.m.m.a.HttpEntityMethodProcessor  : Using 'application/json', given [*/*] and supported [application/json, application/*+json]
2026-08-13T11:26:27.833+02:00 DEBUG 2682197 --- [    Test worker] o.s.w.s.m.m.a.HttpEntityMethodProcessor  : Writing [AnalysisSeriesResponse[generatedAt=2026-06-18T12:10:00Z, range=AnalysisRangeResolved[label=24h, from (truncated)...]
]]></system-out>
  <system-err><![CDATA[]]></system-err>
</testsuite>
