<?xml version="1.0" encoding="UTF-8"?>
<testsuite name="org.osi.server.mqtt.DeviceMqttCredentialReconcilerTest" tests="2" skipped="0" failures="0" errors="0" timestamp="2026-08-13T09:26:44" hostname="osi-01" time="0.1">
  <properties/>
  <testcase name="reconcilesEveryActiveGatewayOnStartup()" classname="org.osi.server.mqtt.DeviceMqttCredentialReconcilerTest" time="0.1"/>
  <testcase name="disabledStartupReconciliationDoesNothing()" classname="org.osi.server.mqtt.DeviceMqttCredentialReconcilerTest" time="0.0"/>
  <system-out><![CDATA[2026-08-13T11:26:44.617+02:00  INFO 2682197 --- [    Test worker] o.o.s.m.DeviceMqttCredentialReconciler   : MQTT gateway credential reconciliation completed: total=2, success=2, failed=0
2026-08-13T11:26:44.618+02:00  INFO 2682197 --- [    Test worker] o.o.s.m.DeviceMqttCredentialReconciler   : MQTT gateway credential startup reconciliation disabled
]]></system-out>
  <system-err><![CDATA[]]></system-err>
</testsuite>
