<?xml version="1.0" encoding="UTF-8"?>
<testsuite name="org.osi.server.prediction.AdminPredictionServiceTest" tests="10" skipped="0" failures="0" errors="0" timestamp="2026-08-13T09:26:44" hostname="osi-01" time="0.924">
  <properties/>
  <testcase name="recomputeZoneDelegatesManualRunWithoutBuildingWorkspaceInline()" classname="org.osi.server.prediction.AdminPredictionServiceTest" time="0.891"/>
  <testcase name="getWorkspaceReturnsTrackAShadowAndComparisonSnapshots()" classname="org.osi.server.prediction.AdminPredictionServiceTest" time="0.005"/>
  <testcase name="getLatestComparisonThrowsWhenLatestTrackARunHasNoMatchingComparison()" classname="org.osi.server.prediction.AdminPredictionServiceTest" time="0.002"/>
  <testcase name="getWorkspaceHidesStaleShadowAndComparisonWhenLatestTrackARunHasNoMatch()" classname="org.osi.server.prediction.AdminPredictionServiceTest" time="0.002"/>
  <testcase name="getExperimentArtifactRejectsEscapedPaths(Path)" classname="org.osi.server.prediction.AdminPredictionServiceTest" time="0.01"/>
  <testcase name="createExperimentBuildsEvaluationRequestFromCurrentZone()" classname="org.osi.server.prediction.AdminPredictionServiceTest" time="0.004"/>
  <testcase name="getExperimentArtifactReadsSharedVolumeFile(Path)" classname="org.osi.server.prediction.AdminPredictionServiceTest" time="0.002"/>
  <testcase name="createExperimentRejectsUnsafeCustomExperimentIds()" classname="org.osi.server.prediction.AdminPredictionServiceTest" time="0.001"/>
  <testcase name="getTrackBSummaryThrowsWhenLatestTrackARunHasNoMatchingShadowRun()" classname="org.osi.server.prediction.AdminPredictionServiceTest" time="0.002"/>
  <testcase name="getCapabilitiesExposesAdminLabFlagsAndZones()" classname="org.osi.server.prediction.AdminPredictionServiceTest" time="0.002"/>
  <system-out><![CDATA[]]></system-out>
  <system-err><![CDATA[]]></system-err>
</testsuite>
