<?xml version="1.0" encoding="UTF-8"?>
<testsuite name="org.osi.server.analytics.WeatherPropertiesBindingTest" tests="2" skipped="0" failures="0" errors="0" timestamp="2026-08-13T14:45:48" hostname="osi-01" time="0.021">
  <properties/>
  <testcase name="bindsNestedWeatherProviderSettings()" classname="org.osi.server.analytics.WeatherPropertiesBindingTest" time="0.012"/>
  <testcase name="bindsDefaultsWithoutNeedingNoArgConstructor()" classname="org.osi.server.analytics.WeatherPropertiesBindingTest" time="0.008"/>
  <system-out><![CDATA[]]></system-out>
  <system-err><![CDATA[]]></system-err>
</testsuite>
