<?xml version="1.0" encoding="UTF-8"?>
<testsuite name="org.osi.server.command.CommandServiceAckTest" tests="2" skipped="0" failures="0" errors="0" timestamp="2026-08-13T14:45:52" hostname="osi-01" time="0.094">
  <properties/>
  <testcase name="applyAckSetsStatusToFailedOnNack()" classname="org.osi.server.command.CommandServiceAckTest" time="0.093"/>
  <testcase name="applyAckSetsStatusToAcknowledged()" classname="org.osi.server.command.CommandServiceAckTest" time="0.001"/>
  <system-out><![CDATA[2026-08-13T16:45:52.935+02:00  INFO 3273021 --- [    Test worker] org.osi.server.command.CommandService    : Applied ACK NACKED for command null → status FAILED
2026-08-13T16:45:52.936+02:00  INFO 3273021 --- [    Test worker] org.osi.server.command.CommandService    : Applied ACK ACKED for command null → status ACKNOWLEDGED
]]></system-out>
  <system-err><![CDATA[]]></system-err>
</testsuite>
