<?xml version="1.0" encoding="UTF-8"?>
<testsuite name="org.osi.server.user.LinkedGatewaySyncServiceTest" tests="5" skipped="0" failures="0" errors="0" timestamp="2026-08-13T09:27:10" hostname="osi-01" time="0.01">
  <properties/>
  <testcase name="forceSyncGateway_skipsUnsupportedAuthReplayAndAvoidsDuplicateSweepQueue()" classname="org.osi.server.user.LinkedGatewaySyncServiceTest" time="0.003"/>
  <testcase name="changePassword_skipsAwaitingIdentityAndUnsupportedGatewaysWithoutBlockingCloudPasswordChange()" classname="org.osi.server.user.LinkedGatewaySyncServiceTest" time="0.001"/>
  <testcase name="changePassword_doesNotPersistNewPasswordWhenSupportedGatewayCommandFails()" classname="org.osi.server.user.LinkedGatewaySyncServiceTest" time="0.002"/>
  <testcase name="changePassword_queuesSupportedGatewayAuthSyncAndPersistsPasswordLast()" classname="org.osi.server.user.LinkedGatewaySyncServiceTest" time="0.001"/>
  <testcase name="forceSyncGateway_replaysStoredAuthAndLatestEligibleCommandsAndQueuesSweep()" classname="org.osi.server.user.LinkedGatewaySyncServiceTest" time="0.003"/>
  <system-out><![CDATA[]]></system-out>
  <system-err><![CDATA[]]></system-err>
</testsuite>
