<?xml version="1.0" encoding="UTF-8"?>
<testsuite name="org.osi.server.analysis.AnalysisServiceConstructorTest" tests="4" skipped="0" failures="0" errors="0" timestamp="2026-08-13T14:45:32" hostname="osi-01" time="0.004">
  <properties/>
  <testcase name="catalogProductionConstructorIsSelectedForAutowiredInjection()" classname="org.osi.server.analysis.AnalysisServiceConstructorTest" time="0.001"/>
  <testcase name="catalogProductionConstructorDoesNotRequireClockBean()" classname="org.osi.server.analysis.AnalysisServiceConstructorTest" time="0.0"/>
  <testcase name="seriesProductionConstructorIsSelectedForAutowiredInjection()" classname="org.osi.server.analysis.AnalysisServiceConstructorTest" time="0.0"/>
  <testcase name="seriesProductionConstructorDoesNotRequireClockBean()" classname="org.osi.server.analysis.AnalysisServiceConstructorTest" time="0.0"/>
  <system-out><![CDATA[]]></system-out>
  <system-err><![CDATA[]]></system-err>
</testsuite>
