<?xml version="1.0" encoding="UTF-8"?>
<testsuite name="org.osi.server.retention.SyncDeadLetterRetentionJobTest" tests="2" skipped="0" failures="0" errors="0" timestamp="2026-08-13T09:26:50" hostname="osi-01" time="0.103">
  <properties/>
  <testcase name="dryRunReportsCandidatesWithoutDeleting()" classname="org.osi.server.retention.SyncDeadLetterRetentionJobTest" time="0.103"/>
  <testcase name="liveRunDeletesOldRows()" classname="org.osi.server.retention.SyncDeadLetterRetentionJobTest" time="0.0"/>
  <system-out><![CDATA[2026-08-13T11:26:50.291+02:00  INFO 2682197 --- [    Test worker] o.o.s.r.SyncDeadLetterRetentionJob       : Purged 4 sync_dead_letter rows older than 90 days
]]></system-out>
  <system-err><![CDATA[]]></system-err>
</testsuite>
