<?xml version="1.0" encoding="UTF-8"?>
<testsuite name="org.osi.server.history.HistoryCardServiceTest" tests="10" skipped="0" failures="0" errors="0" timestamp="2026-08-13T09:26:27" hostname="osi-01" time="0.097">
  <properties/>
  <testcase name="soilChannelsIncludeCloverVwcAlongsideSwtChannels()" classname="org.osi.server.history.HistoryCardServiceTest" time="0.086"/>
  <testcase name="gatewayCardsExposeSpecViewsAndUseStoredOrderingMetadata()" classname="org.osi.server.history.HistoryCardServiceTest" time="0.004"/>
  <testcase name="environmentChannelsIncludeExternalTemperature()" classname="org.osi.server.history.HistoryCardServiceTest" time="0.001"/>
  <testcase name="lsn50WithTemperatureEnabledMakesEnvironmentCardAvailable()" classname="org.osi.server.history.HistoryCardServiceTest" time="0.002"/>
  <testcase name="zoneCardsUseStoredPreferenceOrderingMetadata()" classname="org.osi.server.history.HistoryCardServiceTest" time="0.002"/>
  <testcase name="orderingPlacesNewCardsAfterHighUseCards()" classname="org.osi.server.history.HistoryCardServiceTest" time="0.0"/>
  <testcase name="orderingKeepsPinnedCardsFirstAndCriticalAlertsFirstOnlyAmongUnpinned()" classname="org.osi.server.history.HistoryCardServiceTest" time="0.0"/>
  <testcase name="lsn50WithTemperatureEnabledUsesExternalTemperatureOnly()" classname="org.osi.server.history.HistoryCardServiceTest" time="0.0"/>
  <testcase name="genericEnvironmentSourceDeviceUsesCanonicalEnvironmentTriplet()" classname="org.osi.server.history.HistoryCardServiceTest" time="0.001"/>
  <testcase name="chameleonSoilChannelsExcludeVwc()" classname="org.osi.server.history.HistoryCardServiceTest" time="0.0"/>
  <system-out><![CDATA[]]></system-out>
  <system-err><![CDATA[]]></system-err>
</testsuite>
