<?xml version="1.0" encoding="UTF-8"?>
<testsuite name="org.osi.server.recovery.RecoveryAdminAuthorizerTest" tests="2" skipped="0" failures="0" errors="0" timestamp="2026-08-13T09:26:47" hostname="osi-01" time="0.003">
  <properties/>
  <testcase name="resolvesCurrentGatewayMembershipOnEveryAuthorization()" classname="org.osi.server.recovery.RecoveryAdminAuthorizerTest" time="0.002"/>
  <testcase name="viewerResearcherAndDisabledMembershipsCannotAuthorizeRecovery()" classname="org.osi.server.recovery.RecoveryAdminAuthorizerTest" time="0.001"/>
  <system-out><![CDATA[]]></system-out>
  <system-err><![CDATA[]]></system-err>
</testsuite>
