<?xml version="1.0" encoding="UTF-8"?>
<testsuite name="org.osi.server.sync.SyncDeadLetterRepositoryIT" tests="3" skipped="0" failures="0" errors="0" timestamp="2026-08-13T14:46:59" hostname="osi-01" time="0.035">
  <properties/>
  <testcase name="acceptsUuidsLongerThanTheInboxColumn()" classname="org.osi.server.sync.SyncDeadLetterRepositoryIT" time="0.008"/>
  <testcase name="roundTripsJsonbPayloadAndReason()" classname="org.osi.server.sync.SyncDeadLetterRepositoryIT" time="0.01"/>
  <testcase name="eventUuidIsUniqueAndExistsCheckWorks()" classname="org.osi.server.sync.SyncDeadLetterRepositoryIT" time="0.017"/>
  <system-out><![CDATA[2026-08-13T16:46:59.897+02:00 DEBUG 3273021 --- [    Test worker] b.t.a.o.j.DataJpaTestContextBootstrapper : Neither @ContextConfiguration nor @ContextHierarchy found for test class [SyncDeadLetterRepositoryIT]: using SpringBootContextLoader
2026-08-13T16:46:59.897+02:00  INFO 3273021 --- [    Test worker] t.c.s.AnnotationConfigContextLoaderUtils : Could not detect default configuration classes for test class [org.osi.server.sync.SyncDeadLetterRepositoryIT]: SyncDeadLetterRepositoryIT does not declare any static, non-private, non-final, nested classes annotated with @Configuration.
2026-08-13T16:46:59.898+02:00 DEBUG 3273021 --- [    Test worker] b.t.a.o.j.DataJpaTestContextBootstrapper : Using ContextCustomizerFactory implementations for test class [SyncDeadLetterRepositoryIT]: [OnFailureConditionReportContextCustomizerFactory, OverrideAutoConfigurationContextCustomizerFactory, ObservabilityContextCustomizerFactory, TypeExcludeFiltersContextCustomizerFactory, PropertyMappingContextCustomizerFactory, WebDriverContextCustomizerFactory, ImportsContextCustomizerFactory, ExcludeFilterContextCustomizerFactory, HttpGraphQlTesterContextCustomizerFactory, DuplicateJsonObjectContextCustomizerFactory, MockitoContextCustomizerFactory, TestRestTemplateContextCustomizerFactory, WebTestClientContextCustomizerFactory, DisableReactorResourceFactoryGlobalResourcesContextCustomizerFactory, BeanOverrideContextCustomizerFactory, MockServerContainerContextCustomizerFactory, DynamicPropertiesContextCustomizerFactory]
2026-08-13T16:46:59.902+02:00 DEBUG 3273021 --- [    Test worker] b.t.a.o.j.DataJpaTestContextBootstrapper : Using ContextCustomizers for test class [SyncDeadLetterRepositoryIT]: [OnFailureConditionReportContextCustomizer, DisableAutoConfigurationContextCustomizer, DisableObservabilityContextCustomizer, TypeExcludeFiltersContextCustomizer, PropertyMappingContextCustomizer, WebDriverContextCustomizer, ImportsContextCustomizer, ExcludeFilterContextCustomizer, DuplicateJsonObjectContextCustomizer, MockitoContextCustomizer, DisableReactorResourceFactoryGlobalResourcesContextCustomizerCustomizer, DynamicPropertiesContextCustomizer]
2026-08-13T16:46:59.902+02:00  INFO 3273021 --- [    Test worker] .b.t.c.SpringBootTestContextBootstrapper : Found @SpringBootConfiguration org.osi.server.OsiServerApplication for test class org.osi.server.sync.SyncDeadLetterRepositoryIT
2026-08-13T16:46:59.903+02:00 DEBUG 3273021 --- [    Test worker] b.t.a.o.j.DataJpaTestContextBootstrapper : Using TestExecutionListeners for test class [SyncDeadLetterRepositoryIT]: [ServletTestExecutionListener, DirtiesContextBeforeModesTestExecutionListener, ApplicationEventsTestExecutionListener, MockitoTestExecutionListener, BeanOverrideTestExecutionListener, DependencyInjectionTestExecutionListener, DirtiesContextTestExecutionListener, CommonCachesTestExecutionListener, TransactionalTestExecutionListener, SqlScriptsTestExecutionListener, WithSecurityContextTestExecutionListener, EventPublishingTestExecutionListener, ReactorContextTestExecutionListener, RestDocsTestExecutionListener, MockRestServiceServerResetTestExecutionListener, MockMvcPrintOnlyOnFailureTestExecutionListener, WebDriverTestExecutionListener, MockWebServiceServerTestExecutionListener, ResetMocksTestExecutionListener, MockitoResetTestExecutionListener]
2026-08-13T16:46:59.907+02:00 DEBUG 3273021 --- [    Test worker] org.hibernate.SQL                        : insert into sync_dead_letter (aggregate_key,aggregate_type,contract_version,event_uuid,gateway_eui,occurred_at,op,payload,reason,reason_detail,received_at,source_node) values (?,?,?,?,?,?,?,?,?,?,?,?)
Hibernate: insert into sync_dead_letter (aggregate_key,aggregate_type,contract_version,event_uuid,gateway_eui,occurred_at,op,payload,reason,reason_detail,received_at,source_node) values (?,?,?,?,?,?,?,?,?,?,?,?)
2026-08-13T16:46:59.910+02:00 DEBUG 3273021 --- [    Test worker] org.hibernate.SQL                        : select sdl1_0.id from sync_dead_letter sdl1_0 where sdl1_0.event_uuid=? fetch first ? rows only
Hibernate: select sdl1_0.id from sync_dead_letter sdl1_0 where sdl1_0.event_uuid=? fetch first ? rows only
2026-08-13T16:46:59.914+02:00 DEBUG 3273021 --- [    Test worker] org.hibernate.SQL                        : insert into sync_dead_letter (aggregate_key,aggregate_type,contract_version,event_uuid,gateway_eui,occurred_at,op,payload,reason,reason_detail,received_at,source_node) values (?,?,?,?,?,?,?,?,?,?,?,?)
Hibernate: insert into sync_dead_letter (aggregate_key,aggregate_type,contract_version,event_uuid,gateway_eui,occurred_at,op,payload,reason,reason_detail,received_at,source_node) values (?,?,?,?,?,?,?,?,?,?,?,?)
2026-08-13T16:46:59.916+02:00 DEBUG 3273021 --- [    Test worker] org.hibernate.SQL                        : select sdl1_0.id,sdl1_0.aggregate_key,sdl1_0.aggregate_type,sdl1_0.contract_version,sdl1_0.created_at,sdl1_0.event_uuid,sdl1_0.gateway_eui,sdl1_0.occurred_at,sdl1_0.op,sdl1_0.payload,sdl1_0.reason,sdl1_0.reason_detail,sdl1_0.received_at,sdl1_0.source_node from sync_dead_letter sdl1_0
Hibernate: select sdl1_0.id,sdl1_0.aggregate_key,sdl1_0.aggregate_type,sdl1_0.contract_version,sdl1_0.created_at,sdl1_0.event_uuid,sdl1_0.gateway_eui,sdl1_0.occurred_at,sdl1_0.op,sdl1_0.payload,sdl1_0.reason,sdl1_0.reason_detail,sdl1_0.received_at,sdl1_0.source_node from sync_dead_letter sdl1_0
2026-08-13T16:46:59.924+02:00 DEBUG 3273021 --- [    Test worker] org.hibernate.SQL                        : insert into sync_dead_letter (aggregate_key,aggregate_type,contract_version,event_uuid,gateway_eui,occurred_at,op,payload,reason,reason_detail,received_at,source_node) values (?,?,?,?,?,?,?,?,?,?,?,?)
Hibernate: insert into sync_dead_letter (aggregate_key,aggregate_type,contract_version,event_uuid,gateway_eui,occurred_at,op,payload,reason,reason_detail,received_at,source_node) values (?,?,?,?,?,?,?,?,?,?,?,?)
2026-08-13T16:46:59.925+02:00 DEBUG 3273021 --- [    Test worker] org.hibernate.SQL                        : select sdl1_0.id from sync_dead_letter sdl1_0 where sdl1_0.event_uuid=? fetch first ? rows only
Hibernate: select sdl1_0.id from sync_dead_letter sdl1_0 where sdl1_0.event_uuid=? fetch first ? rows only
2026-08-13T16:46:59.926+02:00 DEBUG 3273021 --- [    Test worker] org.hibernate.SQL                        : select sdl1_0.id from sync_dead_letter sdl1_0 where sdl1_0.event_uuid=? fetch first ? rows only
Hibernate: select sdl1_0.id from sync_dead_letter sdl1_0 where sdl1_0.event_uuid=? fetch first ? rows only
2026-08-13T16:46:59.927+02:00 DEBUG 3273021 --- [    Test worker] org.hibernate.SQL                        : insert into sync_dead_letter (aggregate_key,aggregate_type,contract_version,event_uuid,gateway_eui,occurred_at,op,payload,reason,reason_detail,received_at,source_node) values (?,?,?,?,?,?,?,?,?,?,?,?)
Hibernate: insert into sync_dead_letter (aggregate_key,aggregate_type,contract_version,event_uuid,gateway_eui,occurred_at,op,payload,reason,reason_detail,received_at,source_node) values (?,?,?,?,?,?,?,?,?,?,?,?)
2026-08-13T16:46:59.930+02:00  WARN 3273021 --- [    Test worker] o.h.engine.jdbc.spi.SqlExceptionHelper   : SQL Error: 0, SQLState: 23505
2026-08-13T16:46:59.930+02:00 ERROR 3273021 --- [    Test worker] o.h.engine.jdbc.spi.SqlExceptionHelper   : ERROR: duplicate key value violates unique constraint "ux_sync_dead_letter_event_uuid"
  Detail: Key (event_uuid)=(dl-uq-1) already exists.
]]></system-out>
  <system-err><![CDATA[]]></system-err>
</testsuite>
