<?xml version="1.0" encoding="UTF-8"?>
<testsuite name="org.osi.server.analytics.OpenAgriWeatherServiceTest" tests="4" skipped="0" failures="0" errors="0" timestamp="2026-08-13T14:45:46" hostname="osi-01" time="0.093">
  <properties/>
  <testcase name="getForecast_parsesTimezoneLessTimestampsUsingRequestedTimezone()" classname="org.osi.server.analytics.OpenAgriWeatherServiceTest" time="0.023"/>
  <testcase name="getCurrentConditions_parsesHostedCurrentWeather()" classname="org.osi.server.analytics.OpenAgriWeatherServiceTest" time="0.022"/>
  <testcase name="getForecast_parsesRainAndProbabilityFromHostedForecast()" classname="org.osi.server.analytics.OpenAgriWeatherServiceTest" time="0.008"/>
  <testcase name="getWeatherForDay_authenticatesAndBuildsSnapshotFromHourlyHistory()" classname="org.osi.server.analytics.OpenAgriWeatherServiceTest" time="0.04"/>
  <system-out><![CDATA[2026-08-13T16:45:46.366+02:00 DEBUG 3273021 --- [    Test worker] o.s.web.client.RestTemplate              : HTTP GET https://weather.example/api/data/forecast5/?lat=46.95&lon=7.44
2026-08-13T16:45:46.367+02:00 DEBUG 3273021 --- [    Test worker] o.s.web.client.RestTemplate              : Accept=[application/json, application/*+json]
2026-08-13T16:45:46.369+02:00 DEBUG 3273021 --- [    Test worker] o.s.web.client.RestTemplate              : Response 200 OK
2026-08-13T16:45:46.370+02:00 DEBUG 3273021 --- [    Test worker] o.s.web.client.RestTemplate              : Reading to [org.osi.server.analytics.OpenAgriWeatherService$ForecastResponse[]]
2026-08-13T16:45:46.381+02:00 DEBUG 3273021 --- [    Test worker] o.s.web.client.RestTemplate              : HTTP POST https://weather.example/api/v1/auth/token
2026-08-13T16:45:46.382+02:00 DEBUG 3273021 --- [    Test worker] o.s.web.client.RestTemplate              : Accept=[application/json, application/*+json]
2026-08-13T16:45:46.385+02:00 DEBUG 3273021 --- [    Test worker] o.s.web.client.RestTemplate              : Writing [{username=[osi-weather], password=[secret]}] as "application/x-www-form-urlencoded"
2026-08-13T16:45:46.387+02:00 DEBUG 3273021 --- [    Test worker] o.s.web.client.RestTemplate              : Response 200 OK
2026-08-13T16:45:46.387+02:00 DEBUG 3273021 --- [    Test worker] o.s.web.client.RestTemplate              : Reading to [org.osi.server.analytics.OpenAgriWeatherService$AuthTokenResponse]
2026-08-13T16:45:46.389+02:00 DEBUG 3273021 --- [    Test worker] o.s.web.client.RestTemplate              : HTTP GET https://weather.example/api/data/weather/?lat=46.95&lon=7.44
2026-08-13T16:45:46.397+02:00 DEBUG 3273021 --- [    Test worker] o.s.web.client.RestTemplate              : Accept=[application/json, application/*+json]
2026-08-13T16:45:46.398+02:00 DEBUG 3273021 --- [    Test worker] o.s.web.client.RestTemplate              : Response 200 OK
2026-08-13T16:45:46.398+02:00 DEBUG 3273021 --- [    Test worker] o.s.web.client.RestTemplate              : Reading to [org.osi.server.analytics.OpenAgriWeatherService$CurrentWeatherResponse]
2026-08-13T16:45:46.403+02:00 DEBUG 3273021 --- [    Test worker] o.s.web.client.RestTemplate              : HTTP GET https://weather.example/api/data/forecast5/?lat=46.95&lon=7.44
2026-08-13T16:45:46.404+02:00 DEBUG 3273021 --- [    Test worker] o.s.web.client.RestTemplate              : Accept=[application/json, application/*+json]
2026-08-13T16:45:46.404+02:00 DEBUG 3273021 --- [    Test worker] o.s.web.client.RestTemplate              : Response 200 OK
2026-08-13T16:45:46.404+02:00 DEBUG 3273021 --- [    Test worker] o.s.web.client.RestTemplate              : Reading to [org.osi.server.analytics.OpenAgriWeatherService$ForecastResponse[]]
2026-08-13T16:45:46.418+02:00 DEBUG 3273021 --- [    Test worker] o.s.web.client.RestTemplate              : HTTP POST https://weather.example/api/v1/auth/token
2026-08-13T16:45:46.420+02:00 DEBUG 3273021 --- [    Test worker] o.s.web.client.RestTemplate              : Accept=[application/json, application/*+json]
2026-08-13T16:45:46.421+02:00 DEBUG 3273021 --- [    Test worker] o.s.web.client.RestTemplate              : Writing [{username=[osi-weather], password=[secret]}] as "application/x-www-form-urlencoded"
2026-08-13T16:45:46.422+02:00 DEBUG 3273021 --- [    Test worker] o.s.web.client.RestTemplate              : Response 200 OK
2026-08-13T16:45:46.422+02:00 DEBUG 3273021 --- [    Test worker] o.s.web.client.RestTemplate              : Reading to [org.osi.server.analytics.OpenAgriWeatherService$AuthTokenResponse]
2026-08-13T16:45:46.423+02:00 DEBUG 3273021 --- [    Test worker] o.s.web.client.RestTemplate              : HTTP POST https://weather.example/api/v1/history/hourly/
2026-08-13T16:45:46.430+02:00 DEBUG 3273021 --- [    Test worker] o.s.web.client.RestTemplate              : Accept=[application/json, application/*+json]
2026-08-13T16:45:46.432+02:00 DEBUG 3273021 --- [    Test worker] o.s.web.client.RestTemplate              : Writing [{lat=46.95, lon=7.44, start=2026-03-27, end=2026-03-27, variables=[temperature_2m, relative_humidity_2m, precipitation], radius_km=12.0}] as "application/json"
2026-08-13T16:45:46.446+02:00 DEBUG 3273021 --- [    Test worker] o.s.web.client.RestTemplate              : Response 200 OK
2026-08-13T16:45:46.446+02:00 DEBUG 3273021 --- [    Test worker] o.s.web.client.RestTemplate              : Reading to [org.osi.server.analytics.OpenAgriWeatherService$HourlyHistoryResponse]
]]></system-out>
  <system-err><![CDATA[]]></system-err>
</testsuite>
