<?xml version="1.0" encoding="UTF-8"?>
<testsuite name="org.osi.server.sync.SyncEventResultSerializationTest" tests="4" skipped="0" failures="0" errors="0" timestamp="2026-08-13T14:47:00" hostname="osi-01" time="0.003">
  <properties/>
  <testcase name="serializesAppliedResult()" classname="org.osi.server.sync.SyncEventResultSerializationTest" time="0.001"/>
  <testcase name="serializesRejectedResultWithReason()" classname="org.osi.server.sync.SyncEventResultSerializationTest" time="0.0"/>
  <testcase name="serializesRetryableResult()" classname="org.osi.server.sync.SyncEventResultSerializationTest" time="0.0"/>
  <testcase name="envelopePreservesOrder()" classname="org.osi.server.sync.SyncEventResultSerializationTest" time="0.001"/>
  <system-out><![CDATA[]]></system-out>
  <system-err><![CDATA[]]></system-err>
</testsuite>
