<?xml version="1.0" encoding="UTF-8"?>
<testsuite name="org.osi.server.sync.history.PortableHistoryTableMapperTest" tests="7" skipped="0" failures="0" errors="0" timestamp="2026-08-13T09:27:09" hostname="osi-01" time="0.005">
  <properties/>
  <testcase name="[1] tableName=chameleon_readings, payload={recorded_at=2026-06-28T10:01:00Z, f_cnt=42, status_flags=3, id=11, deveui=A84041CAFECAFE01, comp_pending=1, f_port=2, payload_version=1, calibration_status=calibrated, data_invalid=0}, expectedSegment=A84041CAFECAFE01|2026-06-28, expectedServerTable=chameleon_readings" classname="org.osi.server.sync.history.PortableHistoryTableMapperTest" time="0.001"/>
  <testcase name="[2] tableName=dendrometer_readings, payload={dendro_saturated=0, id=12, deveui=A84041CAFECAFE02, recorded_at=2026-06-28T10:02:00Z, is_outlier=0, position_um=123.5, is_valid=1}, expectedSegment=A84041CAFECAFE02|2026-06-28, expectedServerTable=dendro_readings" classname="org.osi.server.sync.history.PortableHistoryTableMapperTest" time="0.0"/>
  <testcase name="[3] tableName=dendrometer_daily, payload={date=2026-06-28, deveui=A84041CAFECAFE02, computed_at=2026-06-28T23:00:00Z, twd_um=10.25, mds_um=25.5, stress_level=moderate}, expectedSegment=A84041CAFECAFE02|2026-06-28, expectedServerTable=dendro_daily" classname="org.osi.server.sync.history.PortableHistoryTableMapperTest" time="0.001"/>
  <testcase name="[4] tableName=zone_daily_environment, payload={date=2026-06-28, rain_source=sensor, rainfall_mm=1.25, flow_liters=15.5, computed_at=2026-06-28T23:01:00Z, zone_uuid=zone-uuid-1}, expectedSegment=zone-uuid-1|2026-06-28, expectedServerTable=zone_daily_environment" classname="org.osi.server.sync.history.PortableHistoryTableMapperTest" time="0.0"/>
  <testcase name="[5] tableName=zone_daily_recommendations, payload={recommendation_json={&quot;action&quot;:&quot;wait&quot;}, date=2026-06-28, zone_uuid=zone-uuid-1}, expectedSegment=zone-uuid-1|2026-06-28, expectedServerTable=zone_daily_recommendations" classname="org.osi.server.sync.history.PortableHistoryTableMapperTest" time="0.001"/>
  <testcase name="[6] tableName=irrigation_events, payload={reason=threshold, duration_minutes=20, event_uuid=irrig-001, payload_json={&quot;b&quot;:2,&quot;a&quot;:1}, aggregate_kpa=35.5, zone_uuid=zone-uuid-1, action=OPEN, created_at=2026-06-28T23:02:00Z, valve_deveui=A84041VALVE0001, threshold_kpa=30}, expectedSegment=zone-uuid-1|2026-06-28, expectedServerTable=irrigation_events" classname="org.osi.server.sync.history.PortableHistoryTableMapperTest" time="0.0"/>
  <testcase name="[7] tableName=valve_actuation_expectations, payload={valve_channel=1, created_at=2026-06-28T23:02:00Z, estimated_gross_liters=50.0, expected_close_at=2026-06-28T23:22:00Z, expectation_id=expectation-001, volume_source=zone_calibration, reconciliation_state=OBSERVED_RUNNING, device_eui=A84041VALVE0001, commanded_duration_seconds=1200, zone_uuid=zone-uuid-1, commanded_at=2026-06-28T23:02:00Z}, expectedSegment=A84041VALVE0001|2026-06-28, expectedServerTable=edge_valve_actuation_expectations" classname="org.osi.server.sync.history.PortableHistoryTableMapperTest" time="0.0"/>
  <system-out><![CDATA[]]></system-out>
  <system-err><![CDATA[]]></system-err>
</testsuite>
