<?xml version="1.0" encoding="UTF-8"?>
<testsuite name="org.osi.server.zone.IrrigationZoneServiceReadScopeTest" tests="2" skipped="0" failures="0" errors="0" timestamp="2026-08-13T14:47:06" hostname="osi-01" time="0.002">
  <properties/>
  <testcase name="readableZonesIsEmptyForNoActorOrNoMemberGateways()" classname="org.osi.server.zone.IrrigationZoneServiceReadScopeTest" time="0.0"/>
  <testcase name="readableZonesIncludesEveryZoneOnMemberGatewaysInGatewayThenIdOrder()" classname="org.osi.server.zone.IrrigationZoneServiceReadScopeTest" time="0.002"/>
  <system-out><![CDATA[]]></system-out>
  <system-err><![CDATA[]]></system-err>
</testsuite>
