<?xml version="1.0" encoding="UTF-8"?>
<testsuite name="org.osi.server.sync.SyncContractVendorTest" tests="3" skipped="0" failures="0" errors="0" timestamp="2026-08-13T14:46:59" hostname="osi-01" time="0.014">
  <properties/>
  <testcase name="vendoredOperationsParseAndMatchCanonicalSchemas()" classname="org.osi.server.sync.SyncContractVendorTest" time="0.013"/>
  <testcase name="missingOperationIsRejected()" classname="org.osi.server.sync.SyncContractVendorTest" time="0.001"/>
  <testcase name="capabilitiesDescribeTheActiveProducerAndIssuerAxes()" classname="org.osi.server.sync.SyncContractVendorTest" time="0.0"/>
  <system-out><![CDATA[]]></system-out>
  <system-err><![CDATA[]]></system-err>
</testsuite>
