<?xml version="1.0" encoding="UTF-8"?>
<testsuite name="org.osi.server.analytics.EnvelopeTwdAnchorGuardTest" tests="4" skipped="0" failures="0" errors="0" timestamp="2026-08-13T09:26:07" hostname="osi-01" time="0.001">
  <properties/>
  <testcase name="implausibleSpike_doesNotBecomeAnchor()" classname="org.osi.server.analytics.EnvelopeTwdAnchorGuardTest" time="0.0"/>
  <testcase name="legacyCompute_twoArg_behavesAsBefore_allEligibleNoGrowthCap()" classname="org.osi.server.analytics.EnvelopeTwdAnchorGuardTest" time="0.0"/>
  <testcase name="lowConfidenceDay_cannotSetAnchor()" classname="org.osi.server.analytics.EnvelopeTwdAnchorGuardTest" time="0.0"/>
  <testcase name="ineligibleHighFirstDay_doesNotSeedEnvelope()" classname="org.osi.server.analytics.EnvelopeTwdAnchorGuardTest" time="0.0"/>
  <system-out><![CDATA[]]></system-out>
  <system-err><![CDATA[]]></system-err>
</testsuite>
