<?xml version="1.0" encoding="UTF-8"?>
<testsuite name="org.osi.server.desiredstate.DesiredStateControllerTest" tests="2" skipped="0" failures="0" errors="0" timestamp="2026-08-13T14:46:01" hostname="osi-01" time="0.01">
  <properties/>
  <testcase name="creatorCanReadConflictWithDesiredAndCanonicalEvidence()" classname="org.osi.server.desiredstate.DesiredStateControllerTest" time="0.008"/>
  <testcase name="anotherUserCannotReadOperation()" classname="org.osi.server.desiredstate.DesiredStateControllerTest" time="0.001"/>
  <system-out><![CDATA[]]></system-out>
  <system-err><![CDATA[]]></system-err>
</testsuite>
