<?xml version="1.0" encoding="UTF-8"?>
<testsuite name="org.osi.server.command.ValveCommandValidationTest" tests="8" skipped="0" failures="0" errors="0" timestamp="2026-08-13T09:26:19" hostname="osi-01" time="0.015">
  <properties/>
  <testcase name="threeArgIssueCommandAcceptsClose()" classname="org.osi.server.command.ValveCommandValidationTest" time="0.002"/>
  <testcase name="rejectsIndefiniteOpenOnEightArgOverload()" classname="org.osi.server.command.ValveCommandValidationTest" time="0.001"/>
  <testcase name="acceptsOpenForDurationWithValidDuration()" classname="org.osi.server.command.ValveCommandValidationTest" time="0.002"/>
  <testcase name="rejectsTimedOpenWithMissingDuration()" classname="org.osi.server.command.ValveCommandValidationTest" time="0.002"/>
  <testcase name="acceptsTimedActionWithValidAmount()" classname="org.osi.server.command.ValveCommandValidationTest" time="0.002"/>
  <testcase name="rejectsTimedOpenWithNullParams()" classname="org.osi.server.command.ValveCommandValidationTest" time="0.001"/>
  <testcase name="rejectsIndefiniteOpen()" classname="org.osi.server.command.ValveCommandValidationTest" time="0.001"/>
  <testcase name="threeArgIssueCommandRejectsIndefiniteOpen()" classname="org.osi.server.command.ValveCommandValidationTest" time="0.002"/>
  <system-out><![CDATA[2026-08-13T11:26:19.577+02:00  INFO 2682197 --- [    Test worker] org.osi.server.command.CommandService    : Best-effort MQTT publish succeeded for command CLOSE on 0016C001F151B1D6
2026-08-13T11:26:19.582+02:00  INFO 2682197 --- [    Test worker] org.osi.server.command.CommandService    : Best-effort MQTT publish succeeded for command OPEN_FOR_DURATION on 0016C001F151B1D6
2026-08-13T11:26:19.586+02:00  INFO 2682197 --- [    Test worker] org.osi.server.command.CommandService    : Best-effort MQTT publish succeeded for command SET_STREGA_TIMED_ACTION on 0016C001F151B1D6
]]></system-out>
  <system-err><![CDATA[]]></system-err>
</testsuite>
