<?xml version="1.0" encoding="UTF-8"?>
<testsuite name="org.osi.server.recovery.RecoveryOperationTokenCodecTest" tests="2" skipped="0" failures="0" errors="0" timestamp="2026-08-13T09:26:50" hostname="osi-01" time="0.001">
  <properties/>
  <testcase name="tokenIsBoundToOperationBundleInstallationAndGateway()" classname="org.osi.server.recovery.RecoveryOperationTokenCodecTest" time="0.001"/>
  <testcase name="expiredTokenFailsClosed()" classname="org.osi.server.recovery.RecoveryOperationTokenCodecTest" time="0.0"/>
  <system-out><![CDATA[]]></system-out>
  <system-err><![CDATA[]]></system-err>
</testsuite>
