<?xml version="1.0" encoding="UTF-8"?>
<testsuite name="org.osi.server.analytics.WeatherResolverTest" tests="6" skipped="0" failures="0" errors="0" timestamp="2026-08-13T09:26:08" hostname="osi-01" time="0.248">
  <properties/>
  <testcase name="auto_fallsBackToAgroMonitoringBeforeOpenMeteo()" classname="org.osi.server.analytics.WeatherResolverTest" time="0.24"/>
  <testcase name="explicit_meteoswiss_used_whenAvailable()" classname="org.osi.server.analytics.WeatherResolverTest" time="0.002"/>
  <testcase name="explicit_meteoswiss_fallsBackToCascade_whenEmpty()" classname="org.osi.server.analytics.WeatherResolverTest" time="0.001"/>
  <testcase name="auto_usesCascadeOpenAgriFirst()" classname="org.osi.server.analytics.WeatherResolverTest" time="0.001"/>
  <testcase name="auto_fallsBackToOpenMeteoWhenOtherProvidersAreUnavailable()" classname="org.osi.server.analytics.WeatherResolverTest" time="0.002"/>
  <testcase name="local_dayForecast_fallsBackToCascade()" classname="org.osi.server.analytics.WeatherResolverTest" time="0.001"/>
  <system-out><![CDATA[]]></system-out>
  <system-err><![CDATA[]]></system-err>
</testsuite>
