<?xml version="1.0" encoding="UTF-8"?>
<testsuite name="org.osi.server.device.DeviceControllerSuperAdminTest" tests="3" skipped="0" failures="0" errors="0" timestamp="2026-08-13T14:46:03" hostname="osi-01" time="0.006">
  <properties/>
  <testcase name="adminCanClaimBulk()" classname="org.osi.server.device.DeviceControllerSuperAdminTest" time="0.005"/>
  <testcase name="superAdminCanClaimBulk()" classname="org.osi.server.device.DeviceControllerSuperAdminTest" time="0.0"/>
  <testcase name="regularUserCannotClaimBulk()" classname="org.osi.server.device.DeviceControllerSuperAdminTest" time="0.0"/>
  <system-out><![CDATA[]]></system-out>
  <system-err><![CDATA[]]></system-err>
</testsuite>
