<?xml version="1.0" encoding="UTF-8"?>
<testsuite name="org.osi.server.analytics.WeatherStationZoneServiceTest" tests="3" skipped="0" failures="0" errors="0" timestamp="2026-08-13T09:26:09" hostname="osi-01" time="0.119">
  <properties/>
  <testcase name="getAssignmentsForDevice_overlaysDesiredSetUntilConvergence()" classname="org.osi.server.analytics.WeatherStationZoneServiceTest" time="0.116"/>
  <testcase name="getAssignmentsForDevice_fallsBackToLegacyDeviceZoneWhenNoJunctionRowsExist()" classname="org.osi.server.analytics.WeatherStationZoneServiceTest" time="0.002"/>
  <testcase name="getAssignmentsForDevice_usesCanonicalAfterDesiredStateSettles()" classname="org.osi.server.analytics.WeatherStationZoneServiceTest" time="0.001"/>
  <system-out><![CDATA[]]></system-out>
  <system-err><![CDATA[]]></system-err>
</testsuite>
