<?xml version="1.0" encoding="UTF-8"?>
<testsuite name="org.osi.server.sync.SyncEventContractTest" tests="3" skipped="0" failures="0" errors="0" timestamp="2026-08-13T14:47:00" hostname="osi-01" time="0.0">
  <properties/>
  <testcase name="eventUuidPatternIsValid()" classname="org.osi.server.sync.SyncEventContractTest" time="0.0"/>
  <testcase name="resourceTypeEnumCoversAll()" classname="org.osi.server.sync.SyncEventContractTest" time="0.0"/>
  <testcase name="eventUuidRejectsUppercase()" classname="org.osi.server.sync.SyncEventContractTest" time="0.0"/>
  <system-out><![CDATA[]]></system-out>
  <system-err><![CDATA[]]></system-err>
</testsuite>
