<?xml version="1.0" encoding="UTF-8"?>
<testsuite name="org.osi.server.analytics.DendroAnalyticsRecomputeRegressionTest" tests="1" skipped="0" failures="0" errors="0" timestamp="2026-08-13T14:45:45" hostname="osi-01" time="0.043">
  <properties/>
  <testcase name="computeForAllZones_isIdempotentWhenRunTwiceOnSameDay()" classname="org.osi.server.analytics.DendroAnalyticsRecomputeRegressionTest" time="0.043"/>
  <system-out><![CDATA[2026-08-13T16:45:45.471+02:00  INFO 3273021 --- [    Test worker] o.o.s.analytics.DendroAnalyticsService   : Dendro analytics v5: 1 zone(s) — reference=2026-08-13T14:45:45.471402383Z
2026-08-13T16:45:45.500+02:00  INFO 3273021 --- [    Test worker] o.o.s.analytics.DendroAnalyticsService   : Zone 1 (Regression Zone): stress=severe → action=increase_10
2026-08-13T16:45:45.500+02:00  INFO 3273021 --- [    Test worker] o.o.s.analytics.DendroAnalyticsService   : Dendro analytics v5: 1 zone(s) — reference=2026-08-13T14:45:45.500279593Z
2026-08-13T16:45:45.502+02:00  INFO 3273021 --- [    Test worker] o.o.s.analytics.DendroAnalyticsService   : Zone 1 (Regression Zone): stress=severe → action=increase_10
]]></system-out>
  <system-err><![CDATA[]]></system-err>
</testsuite>
