<?xml version="1.0" encoding="UTF-8"?>
<testsuite name="org.osi.server.analytics.WeatherProviderAdaptersTest" tests="2" skipped="0" failures="0" errors="0" timestamp="2026-08-13T14:45:48" hostname="osi-01" time="0.005">
  <properties/>
  <testcase name="existingWeatherServicesExposeProviderSources()" classname="org.osi.server.analytics.WeatherProviderAdaptersTest" time="0.003"/>
  <testcase name="timezoneCurrentOverloadDelegatesForProvidersThatDoNotUseTimezone()" classname="org.osi.server.analytics.WeatherProviderAdaptersTest" time="0.002"/>
  <system-out><![CDATA[]]></system-out>
  <system-err><![CDATA[]]></system-err>
</testsuite>
