<?xml version="1.0" encoding="UTF-8"?>
<testsuite name="org.osi.server.analytics.WeatherSourceTest" tests="3" skipped="0" failures="0" errors="0" timestamp="2026-08-13T14:45:48" hostname="osi-01" time="0.001">
  <properties/>
  <testcase name="fromKey_known()" classname="org.osi.server.analytics.WeatherSourceTest" time="0.0"/>
  <testcase name="key_roundTrips()" classname="org.osi.server.analytics.WeatherSourceTest" time="0.0"/>
  <testcase name="fromKey_unknownOrBlank_isAuto()" classname="org.osi.server.analytics.WeatherSourceTest" time="0.0"/>
  <system-out><![CDATA[]]></system-out>
  <system-err><![CDATA[]]></system-err>
</testsuite>
