<?xml version="1.0" encoding="UTF-8"?>
<testsuite name="org.osi.server.history.JdbcHistoryRollupRepositoryTest" tests="6" skipped="0" failures="0" errors="0" timestamp="2026-08-13T14:46:11" hostname="osi-01" time="0.021">
  <properties/>
  <testcase name="upsertRollupsDoesNotLetZeroSampleMarkersOverwritePopulatedRollups()" classname="org.osi.server.history.JdbcHistoryRollupRepositoryTest" time="0.002"/>
  <testcase name="upsertRollupsCanonicalizesLegacyChannelKeysBeforeBinding()" classname="org.osi.server.history.JdbcHistoryRollupRepositoryTest" time="0.01"/>
  <testcase name="upsertRollupsAllowsHigherSampleCountsToRefreshClosedPartialRollups()" classname="org.osi.server.history.JdbcHistoryRollupRepositoryTest" time="0.002"/>
  <testcase name="findRollupsCanonicalizesLegacyChannelKeysBeforeBinding()" classname="org.osi.server.history.JdbcHistoryRollupRepositoryTest" time="0.003"/>
  <testcase name="upsertRollupsAllowsCurrentOpenBucketsToRefreshPopulatedRollups()" classname="org.osi.server.history.JdbcHistoryRollupRepositoryTest" time="0.001"/>
  <testcase name="upsertRollupsWritesTypedRollupRowsByUniqueBucketKey()" classname="org.osi.server.history.JdbcHistoryRollupRepositoryTest" time="0.002"/>
  <system-out><![CDATA[]]></system-out>
  <system-err><![CDATA[]]></system-err>
</testsuite>
