<?xml version="1.0" encoding="UTF-8"?>
<testsuite name="org.osi.server.workrequest.WorkRequestAdminServicePublishTest" tests="12" skipped="0" failures="0" errors="0" timestamp="2026-08-13T14:47:04" hostname="osi-01" time="1.372">
  <properties/>
  <testcase name="publishFailureReleasesReservationForRetry()" classname="org.osi.server.workrequest.WorkRequestAdminServicePublishTest" time="0.33"/>
  <testcase name="[1] state=REJECTED" classname="org.osi.server.workrequest.WorkRequestAdminServicePublishTest" time="0.106"/>
  <testcase name="[2] state=RATE_LIMITED" classname="org.osi.server.workrequest.WorkRequestAdminServicePublishTest" time="0.106"/>
  <testcase name="[3] state=DUPLICATE_OF" classname="org.osi.server.workrequest.WorkRequestAdminServicePublishTest" time="0.088"/>
  <testcase name="issueBodyContainsCountryFlagAndFencedRequestTextButNotDiagnostics()" classname="org.osi.server.workrequest.WorkRequestAdminServicePublishTest" time="0.198"/>
  <testcase name="triageDoesNotOverwriteTerminalIssueOpenState()" classname="org.osi.server.workrequest.WorkRequestAdminServicePublishTest" time="0.054"/>
  <testcase name="publishWithUnsafePublicArtifactFailsClosedWithoutCallingGithub()" classname="org.osi.server.workrequest.WorkRequestAdminServicePublishTest" time="0.056"/>
  <testcase name="publishWithSafeArtifactCreatesGithubIssueWithFieldLabels()" classname="org.osi.server.workrequest.WorkRequestAdminServicePublishTest" time="0.165"/>
  <testcase name="publishAlreadyPublishingReturnsCurrentStateWithoutCreatingGithubIssue()" classname="org.osi.server.workrequest.WorkRequestAdminServicePublishTest" time="0.05"/>
  <testcase name="rejectDoesNotMarkAlreadyOpenGithubIssueRejected()" classname="org.osi.server.workrequest.WorkRequestAdminServicePublishTest" time="0.038"/>
  <testcase name="publishWithMissingGithubConfigFailsClosedWithoutCallingGithub()" classname="org.osi.server.workrequest.WorkRequestAdminServicePublishTest" time="0.149"/>
  <testcase name="duplicatePublishReturnsExistingIssueWithoutCreatingAnother()" classname="org.osi.server.workrequest.WorkRequestAdminServicePublishTest" time="0.028"/>
  <system-out><![CDATA[2026-08-13T16:47:04.353+02:00  WARN 3273021 --- [    Test worker] o.o.s.w.WorkRequestAdminService          : GitHub publish failed for work request 42

java.lang.RuntimeException: github unavailable
	at org.osi.server.workrequest.GitHubIssueClient.createIssue(GitHubIssueClient.java:46) ~[main/:na]
	at org.osi.server.workrequest.WorkRequestAdminService.publish(WorkRequestAdminService.java:111) ~[main/:na]
	at org.osi.server.workrequest.WorkRequestAdminServicePublishTest.publishFailureReleasesReservationForRetry(WorkRequestAdminServicePublishTest.java:183) ~[test/:na]
	at java.base/jdk.internal.reflect.NativeMethodAccessorImpl.invoke0(Native Method) ~[na:na]
	at java.base/jdk.internal.reflect.NativeMethodAccessorImpl.invoke(NativeMethodAccessorImpl.java:77) ~[na:na]
	at java.base/jdk.internal.reflect.DelegatingMethodAccessorImpl.invoke(DelegatingMethodAccessorImpl.java:43) ~[na:na]
	at java.base/java.lang.reflect.Method.invoke(Method.java:569) ~[na:na]
	at org.junit.platform.commons.util.ReflectionUtils.invokeMethod(ReflectionUtils.java:767) ~[junit-platform-commons-1.11.4.jar:1.11.4]
	at org.junit.jupiter.engine.execution.MethodInvocation.proceed(MethodInvocation.java:60) ~[junit-jupiter-engine-5.11.4.jar:5.11.4]
	at org.junit.jupiter.engine.execution.InvocationInterceptorChain$ValidatingInvocation.proceed(InvocationInterceptorChain.java:131) ~[junit-jupiter-engine-5.11.4.jar:5.11.4]
	at org.junit.jupiter.engine.extension.TimeoutExtension.intercept(TimeoutExtension.java:156) ~[junit-jupiter-engine-5.11.4.jar:5.11.4]
	at org.junit.jupiter.engine.extension.TimeoutExtension.interceptTestableMethod(TimeoutExtension.java:147) ~[junit-jupiter-engine-5.11.4.jar:5.11.4]
	at org.junit.jupiter.engine.extension.TimeoutExtension.interceptTestMethod(TimeoutExtension.java:86) ~[junit-jupiter-engine-5.11.4.jar:5.11.4]
	at org.junit.jupiter.engine.execution.InterceptingExecutableInvoker$ReflectiveInterceptorCall.lambda$ofVoidMethod$0(InterceptingExecutableInvoker.java:103) ~[junit-jupiter-engine-5.11.4.jar:5.11.4]
	at org.junit.jupiter.engine.execution.InterceptingExecutableInvoker.lambda$invoke$0(InterceptingExecutableInvoker.java:93) ~[junit-jupiter-engine-5.11.4.jar:5.11.4]
	at org.junit.jupiter.engine.execution.InvocationInterceptorChain$InterceptedInvocation.proceed(InvocationInterceptorChain.java:106) ~[junit-jupiter-engine-5.11.4.jar:5.11.4]
	at org.junit.jupiter.engine.execution.InvocationInterceptorChain.proceed(InvocationInterceptorChain.java:64) ~[junit-jupiter-engine-5.11.4.jar:5.11.4]
	at org.junit.jupiter.engine.execution.InvocationInterceptorChain.chainAndInvoke(InvocationInterceptorChain.java:45) ~[junit-jupiter-engine-5.11.4.jar:5.11.4]
	at org.junit.jupiter.engine.execution.InvocationInterceptorChain.invoke(InvocationInterceptorChain.java:37) ~[junit-jupiter-engine-5.11.4.jar:5.11.4]
	at org.junit.jupiter.engine.execution.InterceptingExecutableInvoker.invoke(InterceptingExecutableInvoker.java:92) ~[junit-jupiter-engine-5.11.4.jar:5.11.4]
	at org.junit.jupiter.engine.execution.InterceptingExecutableInvoker.invoke(InterceptingExecutableInvoker.java:86) ~[junit-jupiter-engine-5.11.4.jar:5.11.4]
	at org.junit.jupiter.engine.descriptor.TestMethodTestDescriptor.lambda$invokeTestMethod$8(TestMethodTestDescriptor.java:217) ~[junit-jupiter-engine-5.11.4.jar:5.11.4]
	at org.junit.platform.engine.support.hierarchical.ThrowableCollector.execute(ThrowableCollector.java:73) ~[junit-platform-engine-1.11.4.jar:1.11.4]
	at org.junit.jupiter.engine.descriptor.TestMethodTestDescriptor.invokeTestMethod(TestMethodTestDescriptor.java:213) ~[junit-jupiter-engine-5.11.4.jar:5.11.4]
	at org.junit.jupiter.engine.descriptor.TestMethodTestDescriptor.execute(TestMethodTestDescriptor.java:138) ~[junit-jupiter-engine-5.11.4.jar:5.11.4]
	at org.junit.jupiter.engine.descriptor.TestMethodTestDescriptor.execute(TestMethodTestDescriptor.java:68) ~[junit-jupiter-engine-5.11.4.jar:5.11.4]
	at org.junit.platform.engine.support.hierarchical.NodeTestTask.lambda$executeRecursively$6(NodeTestTask.java:156) ~[junit-platform-engine-1.11.4.jar:1.11.4]
	at org.junit.platform.engine.support.hierarchical.ThrowableCollector.execute(ThrowableCollector.java:73) ~[junit-platform-engine-1.11.4.jar:1.11.4]
	at org.junit.platform.engine.support.hierarchical.NodeTestTask.lambda$executeRecursively$8(NodeTestTask.java:146) ~[junit-platform-engine-1.11.4.jar:1.11.4]
	at org.junit.platform.engine.support.hierarchical.Node.around(Node.java:137) ~[junit-platform-engine-1.11.4.jar:1.11.4]
	at org.junit.platform.engine.support.hierarchical.NodeTestTask.lambda$executeRecursively$9(NodeTestTask.java:144) ~[junit-platform-engine-1.11.4.jar:1.11.4]
	at org.junit.platform.engine.support.hierarchical.ThrowableCollector.execute(ThrowableCollector.java:73) ~[junit-platform-engine-1.11.4.jar:1.11.4]
	at org.junit.platform.engine.support.hierarchical.NodeTestTask.executeRecursively(NodeTestTask.java:143) ~[junit-platform-engine-1.11.4.jar:1.11.4]
	at org.junit.platform.engine.support.hierarchical.NodeTestTask.execute(NodeTestTask.java:100) ~[junit-platform-engine-1.11.4.jar:1.11.4]
	at java.base/java.util.ArrayList.forEach(ArrayList.java:1511) ~[na:na]
	at org.junit.platform.engine.support.hierarchical.SameThreadHierarchicalTestExecutorService.invokeAll(SameThreadHierarchicalTestExecutorService.java:41) ~[junit-platform-engine-1.11.4.jar:1.11.4]
	at org.junit.platform.engine.support.hierarchical.NodeTestTask.lambda$executeRecursively$6(NodeTestTask.java:160) ~[junit-platform-engine-1.11.4.jar:1.11.4]
	at org.junit.platform.engine.support.hierarchical.ThrowableCollector.execute(ThrowableCollector.java:73) ~[junit-platform-engine-1.11.4.jar:1.11.4]
	at org.junit.platform.engine.support.hierarchical.NodeTestTask.lambda$executeRecursively$8(NodeTestTask.java:146) ~[junit-platform-engine-1.11.4.jar:1.11.4]
	at org.junit.platform.engine.support.hierarchical.Node.around(Node.java:137) ~[junit-platform-engine-1.11.4.jar:1.11.4]
	at org.junit.platform.engine.support.hierarchical.NodeTestTask.lambda$executeRecursively$9(NodeTestTask.java:144) ~[junit-platform-engine-1.11.4.jar:1.11.4]
	at org.junit.platform.engine.support.hierarchical.ThrowableCollector.execute(ThrowableCollector.java:73) ~[junit-platform-engine-1.11.4.jar:1.11.4]
	at org.junit.platform.engine.support.hierarchical.NodeTestTask.executeRecursively(NodeTestTask.java:143) ~[junit-platform-engine-1.11.4.jar:1.11.4]
	at org.junit.platform.engine.support.hierarchical.NodeTestTask.execute(NodeTestTask.java:100) ~[junit-platform-engine-1.11.4.jar:1.11.4]
	at java.base/java.util.ArrayList.forEach(ArrayList.java:1511) ~[na:na]
	at org.junit.platform.engine.support.hierarchical.SameThreadHierarchicalTestExecutorService.invokeAll(SameThreadHierarchicalTestExecutorService.java:41) ~[junit-platform-engine-1.11.4.jar:1.11.4]
	at org.junit.platform.engine.support.hierarchical.NodeTestTask.lambda$executeRecursively$6(NodeTestTask.java:160) ~[junit-platform-engine-1.11.4.jar:1.11.4]
	at org.junit.platform.engine.support.hierarchical.ThrowableCollector.execute(ThrowableCollector.java:73) ~[junit-platform-engine-1.11.4.jar:1.11.4]
	at org.junit.platform.engine.support.hierarchical.NodeTestTask.lambda$executeRecursively$8(NodeTestTask.java:146) ~[junit-platform-engine-1.11.4.jar:1.11.4]
	at org.junit.platform.engine.support.hierarchical.Node.around(Node.java:137) ~[junit-platform-engine-1.11.4.jar:1.11.4]
	at org.junit.platform.engine.support.hierarchical.NodeTestTask.lambda$executeRecursively$9(NodeTestTask.java:144) ~[junit-platform-engine-1.11.4.jar:1.11.4]
	at org.junit.platform.engine.support.hierarchical.ThrowableCollector.execute(ThrowableCollector.java:73) ~[junit-platform-engine-1.11.4.jar:1.11.4]
	at org.junit.platform.engine.support.hierarchical.NodeTestTask.executeRecursively(NodeTestTask.java:143) ~[junit-platform-engine-1.11.4.jar:1.11.4]
	at org.junit.platform.engine.support.hierarchical.NodeTestTask.execute(NodeTestTask.java:100) ~[junit-platform-engine-1.11.4.jar:1.11.4]
	at org.junit.platform.engine.support.hierarchical.SameThreadHierarchicalTestExecutorService.submit(SameThreadHierarchicalTestExecutorService.java:35) ~[junit-platform-engine-1.11.4.jar:1.11.4]
	at org.junit.platform.engine.support.hierarchical.HierarchicalTestExecutor.execute(HierarchicalTestExecutor.java:57) ~[junit-platform-engine-1.11.4.jar:1.11.4]
	at org.junit.platform.engine.support.hierarchical.HierarchicalTestEngine.execute(HierarchicalTestEngine.java:54) ~[junit-platform-engine-1.11.4.jar:1.11.4]
	at org.junit.platform.launcher.core.EngineExecutionOrchestrator.execute(EngineExecutionOrchestrator.java:198) ~[junit-platform-launcher-1.11.4.jar:1.11.4]
	at org.junit.platform.launcher.core.EngineExecutionOrchestrator.execute(EngineExecutionOrchestrator.java:169) ~[junit-platform-launcher-1.11.4.jar:1.11.4]
	at org.junit.platform.launcher.core.EngineExecutionOrchestrator.execute(EngineExecutionOrchestrator.java:93) ~[junit-platform-launcher-1.11.4.jar:1.11.4]
	at org.junit.platform.launcher.core.EngineExecutionOrchestrator.lambda$execute$0(EngineExecutionOrchestrator.java:58) ~[junit-platform-launcher-1.11.4.jar:1.11.4]
	at org.junit.platform.launcher.core.EngineExecutionOrchestrator.withInterceptedStreams(EngineExecutionOrchestrator.java:141) ~[junit-platform-launcher-1.11.4.jar:1.11.4]
	at org.junit.platform.launcher.core.EngineExecutionOrchestrator.execute(EngineExecutionOrchestrator.java:57) ~[junit-platform-launcher-1.11.4.jar:1.11.4]
	at org.junit.platform.launcher.core.DefaultLauncher.execute(DefaultLauncher.java:103) ~[junit-platform-launcher-1.11.4.jar:1.11.4]
	at org.junit.platform.launcher.core.DefaultLauncher.execute(DefaultLauncher.java:85) ~[junit-platform-launcher-1.11.4.jar:1.11.4]
	at org.junit.platform.launcher.core.DelegatingLauncher.execute(DelegatingLauncher.java:47) ~[junit-platform-launcher-1.11.4.jar:1.11.4]
	at org.gradle.api.internal.tasks.testing.junitplatform.JUnitPlatformTestClassProcessor$CollectAllTestClassesExecutor.processAllTestClasses(JUnitPlatformTestClassProcessor.java:124) ~[na:na]
	at org.gradle.api.internal.tasks.testing.junitplatform.JUnitPlatformTestClassProcessor$CollectAllTestClassesExecutor.access$000(JUnitPlatformTestClassProcessor.java:99) ~[na:na]
	at org.gradle.api.internal.tasks.testing.junitplatform.JUnitPlatformTestClassProcessor.stop(JUnitPlatformTestClassProcessor.java:94) ~[na:na]
	at org.gradle.api.internal.tasks.testing.SuiteTestClassProcessor.stop(SuiteTestClassProcessor.java:63) ~[na:na]
	at java.base/jdk.internal.reflect.NativeMethodAccessorImpl.invoke0(Native Method) ~[na:na]
	at java.base/jdk.internal.reflect.NativeMethodAccessorImpl.invoke(NativeMethodAccessorImpl.java:77) ~[na:na]
	at java.base/jdk.internal.reflect.DelegatingMethodAccessorImpl.invoke(DelegatingMethodAccessorImpl.java:43) ~[na:na]
	at java.base/java.lang.reflect.Method.invoke(Method.java:569) ~[na:na]
	at org.gradle.internal.dispatch.ReflectionDispatch.dispatch(ReflectionDispatch.java:36) ~[na:na]
	at org.gradle.internal.dispatch.ReflectionDispatch.dispatch(ReflectionDispatch.java:24) ~[na:na]
	at org.gradle.internal.dispatch.ContextClassLoaderDispatch.dispatch(ContextClassLoaderDispatch.java:33) ~[na:na]
	at org.gradle.internal.dispatch.ProxyDispatchAdapter$DispatchingInvocationHandler.invoke(ProxyDispatchAdapter.java:92) ~[na:na]
	at jdk.proxy1/jdk.proxy1.$Proxy4.stop(Unknown Source) ~[na:na]
	at org.gradle.api.internal.tasks.testing.worker.TestWorker$3.run(TestWorker.java:200) ~[na:na]
	at org.gradle.api.internal.tasks.testing.worker.TestWorker.executeAndMaintainThreadName(TestWorker.java:132) ~[na:na]
	at org.gradle.api.internal.tasks.testing.worker.TestWorker.execute(TestWorker.java:103) ~[na:na]
	at org.gradle.api.internal.tasks.testing.worker.TestWorker.execute(TestWorker.java:63) ~[na:na]
	at org.gradle.process.internal.worker.child.ActionExecutionWorker.execute(ActionExecutionWorker.java:56) ~[na:na]
	at org.gradle.process.internal.worker.child.SystemApplicationClassLoaderWorker.call(SystemApplicationClassLoaderWorker.java:121) ~[na:na]
	at org.gradle.process.internal.worker.child.SystemApplicationClassLoaderWorker.call(SystemApplicationClassLoaderWorker.java:71) ~[na:na]
	at worker.org.gradle.process.internal.worker.GradleWorkerMain.run(GradleWorkerMain.java:69) ~[gradle-worker.jar:na]
	at worker.org.gradle.process.internal.worker.GradleWorkerMain.main(GradleWorkerMain.java:74) ~[gradle-worker.jar:na]

2026-08-13T16:47:04.808+02:00 DEBUG 3273021 --- [    Test worker] o.s.web.client.RestTemplate              : HTTP POST http://localhost:43623/app/installations/456/access_tokens
2026-08-13T16:47:04.809+02:00 DEBUG 3273021 --- [    Test worker] o.s.web.client.RestTemplate              : Accept=[application/json, application/*+json]
2026-08-13T16:47:04.809+02:00 DEBUG 3273021 --- [    Test worker] o.s.web.client.RestTemplate              : Writing [{}] with org.springframework.http.converter.json.MappingJackson2HttpMessageConverter
2026-08-13T16:47:04.812+02:00 DEBUG 3273021 --- [    Test worker] o.s.web.client.RestTemplate              : Response 200 OK
2026-08-13T16:47:04.812+02:00 DEBUG 3273021 --- [    Test worker] o.s.web.client.RestTemplate              : Reading to [org.osi.server.workrequest.GitHubAppTokenService$InstallationTokenResponse]
2026-08-13T16:47:04.813+02:00 DEBUG 3273021 --- [    Test worker] o.s.web.client.RestTemplate              : HTTP POST http://localhost:43623/repos/Open-Smart-Irrigation/osi-os/issues
2026-08-13T16:47:04.813+02:00 DEBUG 3273021 --- [    Test worker] o.s.web.client.RestTemplate              : Accept=[application/json, application/*+json]
2026-08-13T16:47:04.814+02:00 DEBUG 3273021 --- [    Test worker] o.s.web.client.RestTemplate              : Writing [{title=[Field] Dashboard chart label is wrong, body=Field-submitted work request.

- Gateway: gw_abc123def456
- Country: UG ]]>&#x1f1fa;<![CDATA[]]>&#x1f1ec;<![CDATA[
- Type: bug
- Area: dashboard
- Severity: annoying

## Request
```text

Title:
Dashboard chart label is wrong

Description:
Dashboard chart says liters when it should say millimeters.

Expected:
The chart should say millimeters.

Actual:
The chart says liters.

Steps:
Open the dashboard rain card.
```, labels=[from-field, class:1, area:dashboard, sev:annoying, gw:gw_abc123def456]}] with org.springframework.http.converter.json.MappingJackson2HttpMessageConverter
2026-08-13T16:47:04.817+02:00 DEBUG 3273021 --- [    Test worker] o.s.web.client.RestTemplate              : Response 200 OK
2026-08-13T16:47:04.858+02:00 DEBUG 3273021 --- [    Test worker] o.s.web.client.RestTemplate              : Reading to [org.osi.server.workrequest.GitHubIssueClient$GitHubIssueResponse]
2026-08-13T16:47:05.085+02:00 DEBUG 3273021 --- [    Test worker] o.s.web.client.RestTemplate              : HTTP POST http://localhost:47787/app/installations/456/access_tokens
2026-08-13T16:47:05.086+02:00 DEBUG 3273021 --- [    Test worker] o.s.web.client.RestTemplate              : Accept=[application/json, application/*+json]
2026-08-13T16:47:05.087+02:00 DEBUG 3273021 --- [    Test worker] o.s.web.client.RestTemplate              : Writing [{}] with org.springframework.http.converter.json.MappingJackson2HttpMessageConverter
2026-08-13T16:47:05.089+02:00 DEBUG 3273021 --- [    Test worker] o.s.web.client.RestTemplate              : Response 200 OK
2026-08-13T16:47:05.089+02:00 DEBUG 3273021 --- [    Test worker] o.s.web.client.RestTemplate              : Reading to [org.osi.server.workrequest.GitHubAppTokenService$InstallationTokenResponse]
2026-08-13T16:47:05.090+02:00 DEBUG 3273021 --- [    Test worker] o.s.web.client.RestTemplate              : HTTP POST http://localhost:47787/repos/Open-Smart-Irrigation/osi-os/issues
2026-08-13T16:47:05.090+02:00 DEBUG 3273021 --- [    Test worker] o.s.web.client.RestTemplate              : Accept=[application/json, application/*+json]
2026-08-13T16:47:05.090+02:00 DEBUG 3273021 --- [    Test worker] o.s.web.client.RestTemplate              : Writing [{title=[Field] Dashboard chart label is wrong, body=Field-submitted work request.

- Gateway: gw_abc123def456
- Country: UG ]]>&#x1f1fa;<![CDATA[]]>&#x1f1ec;<![CDATA[
- Type: bug
- Area: dashboard
- Severity: annoying

## Request
```text

Title:
Dashboard chart label is wrong

Description:
Dashboard chart says liters when it should say millimeters.

Expected:
The chart should say millimeters.

Actual:
The chart says liters.

Steps:
Open the dashboard rain card.
```, labels=[from-field, class:1, area:dashboard, sev:annoying, gw:gw_abc123def456]}] with org.springframework.http.converter.json.MappingJackson2HttpMessageConverter
2026-08-13T16:47:05.093+02:00 DEBUG 3273021 --- [    Test worker] o.s.web.client.RestTemplate              : Response 200 OK
2026-08-13T16:47:05.134+02:00 DEBUG 3273021 --- [    Test worker] o.s.web.client.RestTemplate              : Reading to [org.osi.server.workrequest.GitHubIssueClient$GitHubIssueResponse]
]]></system-out>
  <system-err><![CDATA[]]></system-err>
</testsuite>
