<?xml version="1.0" encoding="UTF-8"?>
<testsuite name="org.osi.server.analytics.AgroscopeOracleParityTest" tests="9" skipped="0" failures="0" errors="0" timestamp="2026-08-13T09:25:56" hostname="osi-01" time="0.324">
  <properties/>
  <testcase name="[1] caseName=clean" classname="org.osi.server.analytics.AgroscopeOracleParityTest" time="0.028"/>
  <testcase name="[2] caseName=nan-day" classname="org.osi.server.analytics.AgroscopeOracleParityTest" time="0.008"/>
  <testcase name="[3] caseName=saturation" classname="org.osi.server.analytics.AgroscopeOracleParityTest" time="0.002"/>
  <testcase name="[4] caseName=rain-freeze" classname="org.osi.server.analytics.AgroscopeOracleParityTest" time="0.001"/>
  <testcase name="[1] caseName=clean" classname="org.osi.server.analytics.AgroscopeOracleParityTest" time="0.076"/>
  <testcase name="[2] caseName=nan-day" classname="org.osi.server.analytics.AgroscopeOracleParityTest" time="0.051"/>
  <testcase name="[3] caseName=partial-day" classname="org.osi.server.analytics.AgroscopeOracleParityTest" time="0.012"/>
  <testcase name="warmRestartSplitMatchesSingleBatchAcrossNanDay()" classname="org.osi.server.analytics.AgroscopeOracleParityTest" time="0.058"/>
  <testcase name="waterInputMatchesOracleFlowLitresOverArea()" classname="org.osi.server.analytics.AgroscopeOracleParityTest" time="0.076"/>
  <system-out><![CDATA[]]></system-out>
  <system-err><![CDATA[]]></system-err>
</testsuite>
