<?xml version="1.0" encoding="UTF-8"?>
<testsuite name="org.osi.server.device.DeviceParityMigrationIT" tests="1" skipped="0" failures="0" errors="0" timestamp="2026-08-13T14:46:08" hostname="osi-01" time="0.021">
  <properties/>
  <testcase name="persistsProtectedDeviceCapabilitiesWithSafeDefaults()" classname="org.osi.server.device.DeviceParityMigrationIT" time="0.021"/>
  <system-out><![CDATA[2026-08-13T16:46:08.757+02:00 DEBUG 3273021 --- [    Test worker] b.t.a.o.j.DataJpaTestContextBootstrapper : Neither @ContextConfiguration nor @ContextHierarchy found for test class [DeviceParityMigrationIT]: using SpringBootContextLoader
2026-08-13T16:46:08.758+02:00  INFO 3273021 --- [    Test worker] t.c.s.AnnotationConfigContextLoaderUtils : Could not detect default configuration classes for test class [org.osi.server.device.DeviceParityMigrationIT]: DeviceParityMigrationIT does not declare any static, non-private, non-final, nested classes annotated with @Configuration.
2026-08-13T16:46:08.759+02:00 DEBUG 3273021 --- [    Test worker] b.t.a.o.j.DataJpaTestContextBootstrapper : Using ContextCustomizerFactory implementations for test class [DeviceParityMigrationIT]: [OnFailureConditionReportContextCustomizerFactory, OverrideAutoConfigurationContextCustomizerFactory, ObservabilityContextCustomizerFactory, TypeExcludeFiltersContextCustomizerFactory, PropertyMappingContextCustomizerFactory, WebDriverContextCustomizerFactory, ImportsContextCustomizerFactory, ExcludeFilterContextCustomizerFactory, HttpGraphQlTesterContextCustomizerFactory, DuplicateJsonObjectContextCustomizerFactory, MockitoContextCustomizerFactory, TestRestTemplateContextCustomizerFactory, WebTestClientContextCustomizerFactory, DisableReactorResourceFactoryGlobalResourcesContextCustomizerFactory, BeanOverrideContextCustomizerFactory, MockServerContainerContextCustomizerFactory, DynamicPropertiesContextCustomizerFactory]
2026-08-13T16:46:08.763+02:00 DEBUG 3273021 --- [    Test worker] b.t.a.o.j.DataJpaTestContextBootstrapper : Using ContextCustomizers for test class [DeviceParityMigrationIT]: [OnFailureConditionReportContextCustomizer, DisableAutoConfigurationContextCustomizer, DisableObservabilityContextCustomizer, TypeExcludeFiltersContextCustomizer, PropertyMappingContextCustomizer, WebDriverContextCustomizer, ImportsContextCustomizer, ExcludeFilterContextCustomizer, DuplicateJsonObjectContextCustomizer, MockitoContextCustomizer, DisableReactorResourceFactoryGlobalResourcesContextCustomizerCustomizer, DynamicPropertiesContextCustomizer]
2026-08-13T16:46:08.763+02:00  INFO 3273021 --- [    Test worker] .b.t.c.SpringBootTestContextBootstrapper : Found @SpringBootConfiguration org.osi.server.OsiServerApplication for test class org.osi.server.device.DeviceParityMigrationIT
2026-08-13T16:46:08.766+02:00 DEBUG 3273021 --- [    Test worker] b.t.a.o.j.DataJpaTestContextBootstrapper : Using TestExecutionListeners for test class [DeviceParityMigrationIT]: [ServletTestExecutionListener, DirtiesContextBeforeModesTestExecutionListener, ApplicationEventsTestExecutionListener, MockitoTestExecutionListener, BeanOverrideTestExecutionListener, DependencyInjectionTestExecutionListener, DirtiesContextTestExecutionListener, CommonCachesTestExecutionListener, TransactionalTestExecutionListener, SqlScriptsTestExecutionListener, WithSecurityContextTestExecutionListener, EventPublishingTestExecutionListener, ReactorContextTestExecutionListener, RestDocsTestExecutionListener, MockRestServiceServerResetTestExecutionListener, MockMvcPrintOnlyOnFailureTestExecutionListener, WebDriverTestExecutionListener, MockWebServiceServerTestExecutionListener, ResetMocksTestExecutionListener, MockitoResetTestExecutionListener]
2026-08-13T16:46:08.769+02:00 DEBUG 3273021 --- [    Test worker] o.s.jdbc.core.JdbcTemplate               : Executing prepared SQL query
2026-08-13T16:46:08.769+02:00 DEBUG 3273021 --- [    Test worker] o.s.jdbc.core.JdbcTemplate               : Executing prepared SQL statement [SELECT data_type
  FROM information_schema.columns
 WHERE table_schema = 'public'
   AND table_name = 'linked_gateway_accounts'
   AND column_name = ?
]
2026-08-13T16:46:08.773+02:00 DEBUG 3273021 --- [    Test worker] o.s.jdbc.core.JdbcTemplate               : Executing prepared SQL query
2026-08-13T16:46:08.773+02:00 DEBUG 3273021 --- [    Test worker] o.s.jdbc.core.JdbcTemplate               : Executing prepared SQL statement [SELECT column_default
  FROM information_schema.columns
 WHERE table_schema = 'public'
   AND table_name = 'linked_gateway_accounts'
   AND column_name = ?
]
2026-08-13T16:46:08.777+02:00 DEBUG 3273021 --- [    Test worker] o.s.jdbc.core.JdbcTemplate               : Executing prepared SQL query
2026-08-13T16:46:08.777+02:00 DEBUG 3273021 --- [    Test worker] o.s.jdbc.core.JdbcTemplate               : Executing prepared SQL statement [SELECT data_type
  FROM information_schema.columns
 WHERE table_schema = 'public'
   AND table_name = 'linked_gateway_accounts'
   AND column_name = ?
]
2026-08-13T16:46:08.781+02:00 DEBUG 3273021 --- [    Test worker] o.s.jdbc.core.JdbcTemplate               : Executing prepared SQL query
2026-08-13T16:46:08.781+02:00 DEBUG 3273021 --- [    Test worker] o.s.jdbc.core.JdbcTemplate               : Executing prepared SQL statement [SELECT column_default
  FROM information_schema.columns
 WHERE table_schema = 'public'
   AND table_name = 'linked_gateway_accounts'
   AND column_name = ?
]
]]></system-out>
  <system-err><![CDATA[]]></system-err>
</testsuite>
