<?xml version="1.0" encoding="UTF-8"?>
<testsuite name="org.osi.server.testsupport.FlywayMigrationIT" tests="2" skipped="0" failures="0" errors="0" timestamp="2026-08-13T09:27:09" hostname="osi-01" time="0.012">
  <properties/>
  <testcase name="allMigrationsApplyCleanlyOnRealPostgres()" classname="org.osi.server.testsupport.FlywayMigrationIT" time="0.003"/>
  <testcase name="syncHotPathTablesExist()" classname="org.osi.server.testsupport.FlywayMigrationIT" time="0.008"/>
  <system-out><![CDATA[2026-08-13T11:27:09.863+02:00 DEBUG 2682197 --- [    Test worker] b.t.a.o.j.DataJpaTestContextBootstrapper : Neither @ContextConfiguration nor @ContextHierarchy found for test class [FlywayMigrationIT]: using SpringBootContextLoader
2026-08-13T11:27:09.863+02:00  INFO 2682197 --- [    Test worker] t.c.s.AnnotationConfigContextLoaderUtils : Could not detect default configuration classes for test class [org.osi.server.testsupport.FlywayMigrationIT]: FlywayMigrationIT does not declare any static, non-private, non-final, nested classes annotated with @Configuration.
2026-08-13T11:27:09.863+02:00 DEBUG 2682197 --- [    Test worker] b.t.a.o.j.DataJpaTestContextBootstrapper : Using ContextCustomizerFactory implementations for test class [FlywayMigrationIT]: [OnFailureConditionReportContextCustomizerFactory, OverrideAutoConfigurationContextCustomizerFactory, ObservabilityContextCustomizerFactory, TypeExcludeFiltersContextCustomizerFactory, PropertyMappingContextCustomizerFactory, WebDriverContextCustomizerFactory, ImportsContextCustomizerFactory, ExcludeFilterContextCustomizerFactory, HttpGraphQlTesterContextCustomizerFactory, DuplicateJsonObjectContextCustomizerFactory, MockitoContextCustomizerFactory, TestRestTemplateContextCustomizerFactory, WebTestClientContextCustomizerFactory, DisableReactorResourceFactoryGlobalResourcesContextCustomizerFactory, BeanOverrideContextCustomizerFactory, MockServerContainerContextCustomizerFactory, DynamicPropertiesContextCustomizerFactory]
2026-08-13T11:27:09.866+02:00 DEBUG 2682197 --- [    Test worker] b.t.a.o.j.DataJpaTestContextBootstrapper : Using ContextCustomizers for test class [FlywayMigrationIT]: [OnFailureConditionReportContextCustomizer, DisableAutoConfigurationContextCustomizer, DisableObservabilityContextCustomizer, TypeExcludeFiltersContextCustomizer, PropertyMappingContextCustomizer, WebDriverContextCustomizer, ImportsContextCustomizer, ExcludeFilterContextCustomizer, DuplicateJsonObjectContextCustomizer, MockitoContextCustomizer, DisableReactorResourceFactoryGlobalResourcesContextCustomizerCustomizer, DynamicPropertiesContextCustomizer]
2026-08-13T11:27:09.874+02:00  INFO 2682197 --- [    Test worker] .b.t.c.SpringBootTestContextBootstrapper : Found @SpringBootConfiguration org.osi.server.OsiServerApplication for test class org.osi.server.testsupport.FlywayMigrationIT
2026-08-13T11:27:09.875+02:00 DEBUG 2682197 --- [    Test worker] b.t.a.o.j.DataJpaTestContextBootstrapper : Using TestExecutionListeners for test class [FlywayMigrationIT]: [ServletTestExecutionListener, DirtiesContextBeforeModesTestExecutionListener, ApplicationEventsTestExecutionListener, MockitoTestExecutionListener, BeanOverrideTestExecutionListener, DependencyInjectionTestExecutionListener, DirtiesContextTestExecutionListener, CommonCachesTestExecutionListener, TransactionalTestExecutionListener, SqlScriptsTestExecutionListener, WithSecurityContextTestExecutionListener, EventPublishingTestExecutionListener, ReactorContextTestExecutionListener, RestDocsTestExecutionListener, MockRestServiceServerResetTestExecutionListener, MockMvcPrintOnlyOnFailureTestExecutionListener, WebDriverTestExecutionListener, MockWebServiceServerTestExecutionListener, ResetMocksTestExecutionListener, MockitoResetTestExecutionListener]
2026-08-13T11:27:09.876+02:00 DEBUG 2682197 --- [    Test worker] o.s.jdbc.core.JdbcTemplate               : Executing SQL query [SELECT COUNT(*) FROM flyway_schema_history WHERE success = false]
2026-08-13T11:27:09.877+02:00 DEBUG 2682197 --- [    Test worker] o.s.jdbc.core.JdbcTemplate               : Executing SQL query [SELECT COUNT(*) FROM flyway_schema_history WHERE success = true]
2026-08-13T11:27:09.880+02:00 DEBUG 2682197 --- [    Test worker] o.s.jdbc.core.JdbcTemplate               : Executing prepared SQL query
2026-08-13T11:27:09.880+02:00 DEBUG 2682197 --- [    Test worker] o.s.jdbc.core.JdbcTemplate               : Executing prepared SQL statement [SELECT COUNT(*) FROM information_schema.tables WHERE table_name = ?]
2026-08-13T11:27:09.881+02:00 DEBUG 2682197 --- [    Test worker] o.s.jdbc.core.JdbcTemplate               : Executing prepared SQL query
2026-08-13T11:27:09.881+02:00 DEBUG 2682197 --- [    Test worker] o.s.jdbc.core.JdbcTemplate               : Executing prepared SQL statement [SELECT COUNT(*) FROM information_schema.tables WHERE table_name = ?]
2026-08-13T11:27:09.882+02:00 DEBUG 2682197 --- [    Test worker] o.s.jdbc.core.JdbcTemplate               : Executing prepared SQL query
2026-08-13T11:27:09.882+02:00 DEBUG 2682197 --- [    Test worker] o.s.jdbc.core.JdbcTemplate               : Executing prepared SQL statement [SELECT COUNT(*) FROM information_schema.tables WHERE table_name = ?]
2026-08-13T11:27:09.883+02:00 DEBUG 2682197 --- [    Test worker] o.s.jdbc.core.JdbcTemplate               : Executing prepared SQL query
2026-08-13T11:27:09.883+02:00 DEBUG 2682197 --- [    Test worker] o.s.jdbc.core.JdbcTemplate               : Executing prepared SQL statement [SELECT COUNT(*) FROM information_schema.tables WHERE table_name = ?]
2026-08-13T11:27:09.883+02:00 DEBUG 2682197 --- [    Test worker] o.s.jdbc.core.JdbcTemplate               : Executing prepared SQL query
2026-08-13T11:27:09.883+02:00 DEBUG 2682197 --- [    Test worker] o.s.jdbc.core.JdbcTemplate               : Executing prepared SQL statement [SELECT COUNT(*) FROM information_schema.tables WHERE table_name = ?]
2026-08-13T11:27:09.884+02:00 DEBUG 2682197 --- [    Test worker] o.s.jdbc.core.JdbcTemplate               : Executing prepared SQL query
2026-08-13T11:27:09.884+02:00 DEBUG 2682197 --- [    Test worker] o.s.jdbc.core.JdbcTemplate               : Executing prepared SQL statement [SELECT COUNT(*) FROM information_schema.tables WHERE table_name = ?]
2026-08-13T11:27:09.885+02:00 DEBUG 2682197 --- [    Test worker] o.s.jdbc.core.JdbcTemplate               : Executing prepared SQL query
2026-08-13T11:27:09.885+02:00 DEBUG 2682197 --- [    Test worker] o.s.jdbc.core.JdbcTemplate               : Executing prepared SQL statement [SELECT COUNT(*) FROM information_schema.tables WHERE table_name = ?]
]]></system-out>
  <system-err><![CDATA[]]></system-err>
</testsuite>
