<?xml version="1.0" encoding="UTF-8"?>
<testsuite name="org.osi.server.history.HistoryRollupSchedulerTest" tests="2" skipped="0" failures="0" errors="0" timestamp="2026-08-13T14:46:10" hostname="osi-01" time="0.001">
  <properties/>
  <testcase name="doesNothingWhenDisabled()" classname="org.osi.server.history.HistoryRollupSchedulerTest" time="0.0"/>
  <testcase name="runsWithConfiguredWindowsWhenEnabled()" classname="org.osi.server.history.HistoryRollupSchedulerTest" time="0.0"/>
  <system-out><![CDATA[2026-08-13T16:46:10.938+02:00  INFO 3273021 --- [    Test worker] o.o.s.history.HistoryRollupScheduler     : History rollup scheduler completed: units=0
]]></system-out>
  <system-err><![CDATA[]]></system-err>
</testsuite>
