<?xml version="1.0" encoding="UTF-8"?>
<testsuite name="org.osi.server.analytics.DendroControllerRdiCompareTest" tests="5" skipped="0" failures="0" errors="0" timestamp="2026-08-13T09:26:07" hostname="osi-01" time="0.285">
  <properties/>
  <testcase name="compareRdiIsAdminGuarded()" classname="org.osi.server.analytics.DendroControllerRdiCompareTest" time="0.266"/>
  <testcase name="compareShadowReturnsThreeWaySeriesWithTrackingErrors()" classname="org.osi.server.analytics.DendroControllerRdiCompareTest" time="0.007"/>
  <testcase name="compareRdiOmitsOrphanShadowRowsWithoutAV6Recommendation()" classname="org.osi.server.analytics.DendroControllerRdiCompareTest" time="0.006"/>
  <testcase name="compareShadowIsAdminGuarded()" classname="org.osi.server.analytics.DendroControllerRdiCompareTest" time="0.001"/>
  <testcase name="compareRdiReturnsJoinedV6AndShadowSeries()" classname="org.osi.server.analytics.DendroControllerRdiCompareTest" time="0.002"/>
  <system-out><![CDATA[]]></system-out>
  <system-err><![CDATA[]]></system-err>
</testsuite>
