<?xml version="1.0" encoding="UTF-8"?>
<testsuite name="org.osi.server.journal.v2.JournalCropCycleProjectionServiceTest" tests="1" skipped="0" failures="0" errors="0" timestamp="2026-08-13T14:46:17" hostname="osi-01" time="0.026">
  <properties/>
  <testcase name="canonicalSeedingOpensAndCanonicalHarvestClosesProjection()" classname="org.osi.server.journal.v2.JournalCropCycleProjectionServiceTest" time="0.026"/>
  <system-out><![CDATA[2026-08-13T16:46:17.961+02:00 DEBUG 3273021 --- [    Test worker] b.t.a.o.j.DataJpaTestContextBootstrapper : Neither @ContextConfiguration nor @ContextHierarchy found for test class [JournalCropCycleProjectionServiceTest]: using SpringBootContextLoader
2026-08-13T16:46:17.962+02:00  INFO 3273021 --- [    Test worker] t.c.s.AnnotationConfigContextLoaderUtils : Could not detect default configuration classes for test class [org.osi.server.journal.v2.JournalCropCycleProjectionServiceTest]: JournalCropCycleProjectionServiceTest does not declare any static, non-private, non-final, nested classes annotated with @Configuration.
2026-08-13T16:46:17.962+02:00 DEBUG 3273021 --- [    Test worker] b.t.a.o.j.DataJpaTestContextBootstrapper : Using ContextCustomizerFactory implementations for test class [JournalCropCycleProjectionServiceTest]: [OnFailureConditionReportContextCustomizerFactory, OverrideAutoConfigurationContextCustomizerFactory, ObservabilityContextCustomizerFactory, TypeExcludeFiltersContextCustomizerFactory, PropertyMappingContextCustomizerFactory, WebDriverContextCustomizerFactory, ImportsContextCustomizerFactory, ExcludeFilterContextCustomizerFactory, HttpGraphQlTesterContextCustomizerFactory, DuplicateJsonObjectContextCustomizerFactory, MockitoContextCustomizerFactory, TestRestTemplateContextCustomizerFactory, WebTestClientContextCustomizerFactory, DisableReactorResourceFactoryGlobalResourcesContextCustomizerFactory, BeanOverrideContextCustomizerFactory, MockServerContainerContextCustomizerFactory, DynamicPropertiesContextCustomizerFactory]
2026-08-13T16:46:17.967+02:00 DEBUG 3273021 --- [    Test worker] b.t.a.o.j.DataJpaTestContextBootstrapper : Using ContextCustomizers for test class [JournalCropCycleProjectionServiceTest]: [OnFailureConditionReportContextCustomizer, DisableAutoConfigurationContextCustomizer, DisableObservabilityContextCustomizer, TypeExcludeFiltersContextCustomizer, PropertyMappingContextCustomizer, WebDriverContextCustomizer, ImportsContextCustomizer, ExcludeFilterContextCustomizer, DuplicateJsonObjectContextCustomizer, MockitoContextCustomizer, DisableReactorResourceFactoryGlobalResourcesContextCustomizerCustomizer, DynamicPropertiesContextCustomizer]
2026-08-13T16:46:17.968+02:00  INFO 3273021 --- [    Test worker] .b.t.c.SpringBootTestContextBootstrapper : Found @SpringBootConfiguration org.osi.server.OsiServerApplication for test class org.osi.server.journal.v2.JournalCropCycleProjectionServiceTest
2026-08-13T16:46:17.969+02:00 DEBUG 3273021 --- [    Test worker] b.t.a.o.j.DataJpaTestContextBootstrapper : Using TestExecutionListeners for test class [JournalCropCycleProjectionServiceTest]: [ServletTestExecutionListener, DirtiesContextBeforeModesTestExecutionListener, ApplicationEventsTestExecutionListener, MockitoTestExecutionListener, BeanOverrideTestExecutionListener, DependencyInjectionTestExecutionListener, DirtiesContextTestExecutionListener, CommonCachesTestExecutionListener, TransactionalTestExecutionListener, SqlScriptsTestExecutionListener, WithSecurityContextTestExecutionListener, EventPublishingTestExecutionListener, ReactorContextTestExecutionListener, RestDocsTestExecutionListener, MockRestServiceServerResetTestExecutionListener, MockMvcPrintOnlyOnFailureTestExecutionListener, WebDriverTestExecutionListener, MockWebServiceServerTestExecutionListener, ResetMocksTestExecutionListener, MockitoResetTestExecutionListener]
2026-08-13T16:46:17.974+02:00 DEBUG 3273021 --- [    Test worker] o.s.jdbc.core.JdbcTemplate               : Executing prepared SQL update
2026-08-13T16:46:17.974+02:00 DEBUG 3273021 --- [    Test worker] o.s.jdbc.core.JdbcTemplate               : Executing prepared SQL statement [INSERT INTO journal_workspaces(workspace_uuid, owner_user_uuid, display_name, created_by_principal_uuid)
VALUES (?, ?, 'Projection test', ?) ON CONFLICT (workspace_uuid) DO NOTHING
]
2026-08-13T16:46:17.979+02:00 DEBUG 3273021 --- [    Test worker] o.s.jdbc.core.JdbcTemplate               : Executing prepared SQL update
2026-08-13T16:46:17.979+02:00 DEBUG 3273021 --- [    Test worker] o.s.jdbc.core.JdbcTemplate               : Executing prepared SQL statement [INSERT INTO journal_entry_heads(
    workspace_uuid, entry_uuid, entry_head_uuid, current_revision_uuid,
    version, plot_uuid, occurred_start, payload_json, payload_sha256,
    recorded_at, updated_at)
VALUES (?, ?, ?, ?, ?, ?, ?, CAST(? AS jsonb), ?, ?, CURRENT_TIMESTAMP)
]
2026-08-13T16:46:17.981+02:00 DEBUG 3273021 --- [    Test worker] o.s.jdbc.core.JdbcTemplate               : Executing prepared SQL query
2026-08-13T16:46:17.981+02:00 DEBUG 3273021 --- [    Test worker] o.s.jdbc.core.JdbcTemplate               : Executing prepared SQL statement [SELECT pg_advisory_xact_lock(hashtextextended(?, 3))]
2026-08-13T16:46:17.981+02:00 DEBUG 3273021 --- [    Test worker] o.s.jdbc.core.JdbcTemplate               : Executing prepared SQL query
2026-08-13T16:46:17.981+02:00 DEBUG 3273021 --- [    Test worker] o.s.jdbc.core.JdbcTemplate               : Executing prepared SQL statement [SELECT projection_version, payload_json::text
  FROM journal_crop_cycle_projection_v2
 WHERE workspace_uuid = ? AND cycle_uuid = ?
]
2026-08-13T16:46:17.982+02:00 DEBUG 3273021 --- [    Test worker] o.s.jdbc.core.JdbcTemplate               : Executing prepared SQL query
2026-08-13T16:46:17.982+02:00 DEBUG 3273021 --- [    Test worker] o.s.jdbc.core.JdbcTemplate               : Executing prepared SQL statement [SELECT payload_json::text
  FROM journal_entry_heads
 WHERE workspace_uuid = ?
   AND payload_json->>'season_uuid' = ?
 ORDER BY occurred_start, entry_uuid
]
2026-08-13T16:46:17.983+02:00 DEBUG 3273021 --- [    Test worker] o.s.jdbc.core.JdbcTemplate               : Executing prepared SQL update
2026-08-13T16:46:17.983+02:00 DEBUG 3273021 --- [    Test worker] o.s.jdbc.core.JdbcTemplate               : Executing prepared SQL statement [INSERT INTO journal_crop_cycle_projection_v2(
    workspace_uuid, cycle_uuid, projection_version, gateway_eui,
    active, payload_json, payload_sha256, updated_at)
VALUES (?, ?, ?, ?, ?, CAST(? AS jsonb), ?, CURRENT_TIMESTAMP)
ON CONFLICT (workspace_uuid, cycle_uuid) DO UPDATE SET
    projection_version = EXCLUDED.projection_version,
    gateway_eui = EXCLUDED.gateway_eui,
    active = EXCLUDED.active,
    payload_json = EXCLUDED.payload_json,
    payload_sha256 = EXCLUDED.payload_sha256,
    updated_at = CURRENT_TIMESTAMP
]
2026-08-13T16:46:17.983+02:00 DEBUG 3273021 --- [    Test worker] o.s.jdbc.core.JdbcTemplate               : Executing prepared SQL query
2026-08-13T16:46:17.983+02:00 DEBUG 3273021 --- [    Test worker] o.s.jdbc.core.JdbcTemplate               : Executing prepared SQL statement [SELECT pg_advisory_xact_lock(hashtextextended(?, 0))]
2026-08-13T16:46:17.984+02:00 DEBUG 3273021 --- [    Test worker] o.s.jdbc.core.JdbcTemplate               : Executing prepared SQL query
2026-08-13T16:46:17.984+02:00 DEBUG 3273021 --- [    Test worker] o.s.jdbc.core.JdbcTemplate               : Executing prepared SQL statement [SELECT COALESCE(MAX(sequence), 0) FROM journal_replication_log WHERE workspace_uuid = ?]
2026-08-13T16:46:17.985+02:00 DEBUG 3273021 --- [    Test worker] o.s.jdbc.core.JdbcTemplate               : Executing prepared SQL update
2026-08-13T16:46:17.985+02:00 DEBUG 3273021 --- [    Test worker] o.s.jdbc.core.JdbcTemplate               : Executing prepared SQL statement [INSERT INTO journal_replication_log(
    workspace_uuid, sequence, kind, payload_json,
    payload_sha256, recorded_at)
VALUES (?, ?, ?, CAST(? AS jsonb), ?, ?)
]
2026-08-13T16:46:17.986+02:00 DEBUG 3273021 --- [    Test worker] o.s.jdbc.core.JdbcTemplate               : Executing prepared SQL query
2026-08-13T16:46:17.986+02:00 DEBUG 3273021 --- [    Test worker] o.s.jdbc.core.JdbcTemplate               : Executing prepared SQL statement [SELECT active FROM journal_crop_cycle_projection_v2
 WHERE workspace_uuid = ? AND cycle_uuid = ?
]
2026-08-13T16:46:17.987+02:00 DEBUG 3273021 --- [    Test worker] o.s.jdbc.core.JdbcTemplate               : Executing prepared SQL update
2026-08-13T16:46:17.987+02:00 DEBUG 3273021 --- [    Test worker] o.s.jdbc.core.JdbcTemplate               : Executing prepared SQL statement [INSERT INTO journal_entry_heads(
    workspace_uuid, entry_uuid, entry_head_uuid, current_revision_uuid,
    version, plot_uuid, occurred_start, payload_json, payload_sha256,
    recorded_at, updated_at)
VALUES (?, ?, ?, ?, ?, ?, ?, CAST(? AS jsonb), ?, ?, CURRENT_TIMESTAMP)
]
2026-08-13T16:46:17.988+02:00 DEBUG 3273021 --- [    Test worker] o.s.jdbc.core.JdbcTemplate               : Executing prepared SQL query
2026-08-13T16:46:17.988+02:00 DEBUG 3273021 --- [    Test worker] o.s.jdbc.core.JdbcTemplate               : Executing prepared SQL statement [SELECT pg_advisory_xact_lock(hashtextextended(?, 3))]
2026-08-13T16:46:17.988+02:00 DEBUG 3273021 --- [    Test worker] o.s.jdbc.core.JdbcTemplate               : Executing prepared SQL query
2026-08-13T16:46:17.988+02:00 DEBUG 3273021 --- [    Test worker] o.s.jdbc.core.JdbcTemplate               : Executing prepared SQL statement [SELECT projection_version, payload_json::text
  FROM journal_crop_cycle_projection_v2
 WHERE workspace_uuid = ? AND cycle_uuid = ?
]
2026-08-13T16:46:17.989+02:00 DEBUG 3273021 --- [    Test worker] o.s.jdbc.core.JdbcTemplate               : Executing prepared SQL query
2026-08-13T16:46:17.989+02:00 DEBUG 3273021 --- [    Test worker] o.s.jdbc.core.JdbcTemplate               : Executing prepared SQL statement [SELECT payload_json::text
  FROM journal_entry_heads
 WHERE workspace_uuid = ?
   AND payload_json->>'season_uuid' = ?
 ORDER BY occurred_start, entry_uuid
]
2026-08-13T16:46:17.990+02:00 DEBUG 3273021 --- [    Test worker] o.s.jdbc.core.JdbcTemplate               : Executing prepared SQL update
2026-08-13T16:46:17.990+02:00 DEBUG 3273021 --- [    Test worker] o.s.jdbc.core.JdbcTemplate               : Executing prepared SQL statement [INSERT INTO journal_crop_cycle_projection_v2(
    workspace_uuid, cycle_uuid, projection_version, gateway_eui,
    active, payload_json, payload_sha256, updated_at)
VALUES (?, ?, ?, ?, ?, CAST(? AS jsonb), ?, CURRENT_TIMESTAMP)
ON CONFLICT (workspace_uuid, cycle_uuid) DO UPDATE SET
    projection_version = EXCLUDED.projection_version,
    gateway_eui = EXCLUDED.gateway_eui,
    active = EXCLUDED.active,
    payload_json = EXCLUDED.payload_json,
    payload_sha256 = EXCLUDED.payload_sha256,
    updated_at = CURRENT_TIMESTAMP
]
2026-08-13T16:46:17.991+02:00 DEBUG 3273021 --- [    Test worker] o.s.jdbc.core.JdbcTemplate               : Executing prepared SQL query
2026-08-13T16:46:17.991+02:00 DEBUG 3273021 --- [    Test worker] o.s.jdbc.core.JdbcTemplate               : Executing prepared SQL statement [SELECT pg_advisory_xact_lock(hashtextextended(?, 0))]
2026-08-13T16:46:17.991+02:00 DEBUG 3273021 --- [    Test worker] o.s.jdbc.core.JdbcTemplate               : Executing prepared SQL query
2026-08-13T16:46:17.991+02:00 DEBUG 3273021 --- [    Test worker] o.s.jdbc.core.JdbcTemplate               : Executing prepared SQL statement [SELECT COALESCE(MAX(sequence), 0) FROM journal_replication_log WHERE workspace_uuid = ?]
2026-08-13T16:46:17.992+02:00 DEBUG 3273021 --- [    Test worker] o.s.jdbc.core.JdbcTemplate               : Executing prepared SQL update
2026-08-13T16:46:17.992+02:00 DEBUG 3273021 --- [    Test worker] o.s.jdbc.core.JdbcTemplate               : Executing prepared SQL statement [INSERT INTO journal_replication_log(
    workspace_uuid, sequence, kind, payload_json,
    payload_sha256, recorded_at)
VALUES (?, ?, ?, CAST(? AS jsonb), ?, ?)
]
2026-08-13T16:46:17.993+02:00 DEBUG 3273021 --- [    Test worker] o.s.jdbc.core.JdbcTemplate               : Executing prepared SQL query
2026-08-13T16:46:17.993+02:00 DEBUG 3273021 --- [    Test worker] o.s.jdbc.core.JdbcTemplate               : Executing prepared SQL statement [SELECT active FROM journal_crop_cycle_projection_v2
 WHERE workspace_uuid = ? AND cycle_uuid = ?
]
2026-08-13T16:46:17.994+02:00 DEBUG 3273021 --- [    Test worker] o.s.jdbc.core.JdbcTemplate               : Executing prepared SQL query
2026-08-13T16:46:17.994+02:00 DEBUG 3273021 --- [    Test worker] o.s.jdbc.core.JdbcTemplate               : Executing prepared SQL statement [SELECT payload_json->'plots'->0->>'close_reason'
  FROM journal_crop_cycle_projection_v2
 WHERE workspace_uuid = ? AND cycle_uuid = ?
]
]]></system-out>
  <system-err><![CDATA[]]></system-err>
</testsuite>
