<?xml version="1.0" encoding="UTF-8"?>
<testsuite name="org.osi.server.prediction.AdminPredictionServiceTest" tests="10" skipped="0" failures="0" errors="0" timestamp="2026-08-13T14:46:29" hostname="osi-01" time="1.372">
  <properties/>
  <testcase name="recomputeZoneDelegatesManualRunWithoutBuildingWorkspaceInline()" classname="org.osi.server.prediction.AdminPredictionServiceTest" time="1.318"/>
  <testcase name="getWorkspaceReturnsTrackAShadowAndComparisonSnapshots()" classname="org.osi.server.prediction.AdminPredictionServiceTest" time="0.011"/>
  <testcase name="getLatestComparisonThrowsWhenLatestTrackARunHasNoMatchingComparison()" classname="org.osi.server.prediction.AdminPredictionServiceTest" time="0.003"/>
  <testcase name="getWorkspaceHidesStaleShadowAndComparisonWhenLatestTrackARunHasNoMatch()" classname="org.osi.server.prediction.AdminPredictionServiceTest" time="0.002"/>
  <testcase name="getExperimentArtifactRejectsEscapedPaths(Path)" classname="org.osi.server.prediction.AdminPredictionServiceTest" time="0.016"/>
  <testcase name="createExperimentBuildsEvaluationRequestFromCurrentZone()" classname="org.osi.server.prediction.AdminPredictionServiceTest" time="0.008"/>
  <testcase name="getExperimentArtifactReadsSharedVolumeFile(Path)" classname="org.osi.server.prediction.AdminPredictionServiceTest" time="0.003"/>
  <testcase name="createExperimentRejectsUnsafeCustomExperimentIds()" classname="org.osi.server.prediction.AdminPredictionServiceTest" time="0.003"/>
  <testcase name="getTrackBSummaryThrowsWhenLatestTrackARunHasNoMatchingShadowRun()" classname="org.osi.server.prediction.AdminPredictionServiceTest" time="0.002"/>
  <testcase name="getCapabilitiesExposesAdminLabFlagsAndZones()" classname="org.osi.server.prediction.AdminPredictionServiceTest" time="0.002"/>
  <system-out><![CDATA[]]></system-out>
  <system-err><![CDATA[]]></system-err>
</testsuite>
